
< 14-11-14 18:27:44 >==============================================
Device is Inserted On Driver : [Hub65535 Port65535] [VER:0, SN:6&34ddf724&0#{53]
   Device is Pullouted.

< 14-11-14 18:27:47 >==============================================
Device is Inserted On Driver : [Hub1 Port1] [VER:0, SN:6&2d3ef15f&0#{53]
   Begin the USB Task...
   Step 1 disable...
   Begin Step 2... Action: Write, Chip: RAM, Address: 0xF8002000, File: E:\study\mission\GP15B\code\G15B_NovaTek_UI\Tools\G+CodePacker 1.0.9 Patch 001\USBMassProductionTool/code/gp15b_ispbin.bin
   Step 2 - Start Time : 2014/11/14 PM 06:27:47:456
   Step 2 - End Time : 2014/11/14 PM 06:27:47:456
   Step 2 ok! Spent Time: 0.0s
   Begin Step 3... Action: Jump to Function, Chip: RAM, Address: 0xF8002000
   Step 3 - Start Time : 2014/11/14 PM 06:27:47:456
   Step 3 - End Time : 2014/11/14 PM 06:27:47:456
   Step 3 ok! Spent Time: 0.0s
   Begin Step 4... Action: Erase, Chip: SPI Nor Flash, Address: 0x0000, Length: 40
   Step 4 - Start Time : 2014/11/14 PM 06:27:47:456
   Step 4 - End Time : 2014/11/14 PM 06:28:00:847
   Step 4 ok! Spent Time: 13.391s
   Begin Step 5... Action: Write, Chip: SPI Nor Flash, Address: 0x0000, File: E:\study\mission\GP15B\code\G15B_NovaTek_UI\Tools/gpcv1248_spifc_pack_/gp_cardvr_upgrade_222.bin
   Step 5 - Start Time : 2014/11/14 PM 06:28:00:847
   Step 5 - End Time : 2014/11/14 PM 06:28:06:972
   Step 5 ok! Spent Time: 6.125s
   USB Task Finished! Spent Time: 19.516s
   Device is Pullouted.
