
< 14-11-07 10:29:10 >==============================================
Device is Inserted On Driver : [Hub1 Port1] [VER:0, SN:6&2d3ef15f&0#{53]
   Begin the USB Task...
   Step 1 disable...
   Begin Step 2... Action: Write, Chip: RAM, Address: 0xF8002000, File: E:\study\mission\GP15B\code\G15B_NovaTek_UI\Tools\G+CodePacker 1.0.9 Patch 001\USBMassProductionTool/code/gp15b_ispbin.bin
   Step 2 - Start Time : 2014/11/07 AM 10:29:12:50
   Step 2 - End Time : 2014/11/07 AM 10:29:12:50
   Step 2 ok! Spent Time: 0.0s
   Begin Step 3... Action: Jump to Function, Chip: RAM, Address: 0xF8002000
   Step 3 - Start Time : 2014/11/07 AM 10:29:12:50
   Step 3 - End Time : 2014/11/07 AM 10:29:12:50
   Step 3 ok! Spent Time: 0.0s
   Begin Step 4... Action: Erase, Chip: SPI Nor Flash, Address: 0x0000, Length: 40
   Step 4 - Start Time : 2014/11/07 AM 10:29:12:50
   Step 4 - End Time : 2014/11/07 AM 10:29:26:143
   Step 4 ok! Spent Time: 14.94s
   Begin Step 5... Action: Write, Chip: SPI Nor Flash, Address: 0x0000, File: E:\study\mission\GP15B\code\G15B_NovaTek_UI\Tools/gpcv1248_spifc_pack_/gp_cardvr_upgrade_222.bin
   Step 5 - Start Time : 2014/11/07 AM 10:29:26:143
   Step 5 - End Time : 2014/11/07 AM 10:29:41:331
   Step 5 ok! Spent Time: 15.187s
   USB Task Finished! Spent Time: 29.281s

< 14-11-07 17:01:42 >==============================================
Device is Inserted On Driver : [Hub1 Port1] [VER:0, SN:6&2d3ef15f&0#{53]
   Begin the USB Task...
   Step 1 disable...
   Begin Step 2... Action: Write, Chip: RAM, Address: 0xF8002000, File: E:\study\mission\GP15B\code\G15B_NovaTek_UI\Tools\G+CodePacker 1.0.9 Patch 001\USBMassProductionTool/code/gp15b_ispbin.bin
   Step 2 - Start Time : 2014/11/07 PM 05:01:43:603
   Step 2 - End Time : 2014/11/07 PM 05:01:43:603
   Step 2 ok! Spent Time: 0.0s
   Begin Step 3... Action: Jump to Function, Chip: RAM, Address: 0xF8002000
   Step 3 - Start Time : 2014/11/07 PM 05:01:43:603
   Step 3 - End Time : 2014/11/07 PM 05:01:43:603
   Step 3 ok! Spent Time: 0.0s
   Begin Step 4... Action: Erase, Chip: SPI Nor Flash, Address: 0x0000, Length: 40
   Step 4 - Start Time : 2014/11/07 PM 05:01:43:603
   Step 4 - End Time : 2014/11/07 PM 05:01:57:478
   Step 4 ok! Spent Time: 13.875s
   Begin Step 5... Action: Write, Chip: SPI Nor Flash, Address: 0x0000, File: E:\study\mission\GP15B\code\G15B_NovaTek_UI\Tools/gpcv1248_spifc_pack_/gp_cardvr_upgrade_222.bin
   Step 5 - Start Time : 2014/11/07 PM 05:01:57:478
   Step 5 - End Time : 2014/11/07 PM 05:02:12:900
   Step 5 ok! Spent Time: 15.422s
   USB Task Finished! Spent Time: 29.297s
   Device is Pullouted.

< 14-11-07 18:09:34 >==============================================
Device is Inserted On Driver : [Hub1 Port1] [VER:0, SN:6&2d3ef15f&0#{53]
   Begin the USB Task...
   Step 1 disable...
   Begin Step 2... Action: Write, Chip: RAM, Address: 0xF8002000, File: E:\study\mission\GP15B\code\G15B_NovaTek_UI\Tools\G+CodePacker 1.0.9 Patch 001\USBMassProductionTool/code/gp15b_ispbin.bin
   Step 2 - Start Time : 2014/11/07 PM 06:09:40:499
   Step 2 - End Time : 2014/11/07 PM 06:09:40:499
   Step 2 ok! Spent Time: 0.0s
   Begin Step 3... Action: Jump to Function, Chip: RAM, Address: 0xF8002000
   Step 3 - Start Time : 2014/11/07 PM 06:09:40:499
   Step 3 - End Time : 2014/11/07 PM 06:09:40:499
   Step 3 ok! Spent Time: 0.0s
   Begin Step 4... Action: Erase, Chip: SPI Nor Flash, Address: 0x0000, Length: 40
   Step 4 - Start Time : 2014/11/07 PM 06:09:40:499
   Step 4 - End Time : 2014/11/07 PM 06:09:54:374
   Step 4 ok! Spent Time: 13.875s
   Begin Step 5... Action: Write, Chip: SPI Nor Flash, Address: 0x0000, File: E:\study\mission\GP15B\code\G15B_NovaTek_UI\Tools/gpcv1248_spifc_pack_/gp_cardvr_upgrade_222.bin
   Step 5 - Start Time : 2014/11/07 PM 06:09:54:374
   Step 5 - End Time : 2014/11/07 PM 06:10:09:796
   Step 5 ok! Spent Time: 15.422s
   USB Task Finished! Spent Time: 29.297s
