
< 14-07-16 10:21:55 >==============================================
Device is Inserted On Driver : [Hub8 Port2] [VER:0, SN:6&2a82d8a7&0#{53]
   Begin the USB Task...
   Step 1 disable...
   Begin Step 2... Action: Write, Chip: RAM, Address: 0xF8002000, File: F:\work2014\proj\GP15B\download\G+CodePacker 1.0.9 Patch 001\USBMassProductionTool/code/gp15b_ispbin.bin
   Step 2 - Start Time : 2014/07/16 AM 10:21:58:910
   Step 2 - End Time : 2014/07/16 AM 10:21:58:916
   Step 2 ok! Spent Time: 0.0s
   Begin Step 3... Action: Jump to Function, Chip: RAM, Address: 0xF8002000
   Step 3 - Start Time : 2014/07/16 AM 10:21:58:917
   Step 3 - End Time : 2014/07/16 AM 10:21:58:917
   Step 3 ok! Spent Time: 0.0s
   Begin Step 4... Action: Erase, Chip: SPI Nor Flash, Address: 0x0000, Length: 40
   Step 4 - Start Time : 2014/07/16 AM 10:21:58:917
   Step 4 - End Time : 2014/07/16 AM 10:22:14:228
   Step 4 ok! Spent Time: 15.319s
   Begin Step 5... Action: Write, Chip: SPI Nor Flash, Address: 0x0000, File: F:\work2014\proj\GP15B\download/gp15bb/gp15b_spifc_pack_/gp_cardvr_upgrade_222.bin
   Step 5 - Start Time : 2014/07/16 AM 10:22:14:228
   Step 5 - End Time : 2014/07/16 AM 10:22:31:458
   Step 5 ok! Spent Time: 17.223s
   USB Task Finished! Spent Time: 32.542s

< 14-07-16 17:46:45 >==============================================
Device is Inserted On Driver : [Hub8 Port2] [VER:0, SN:6&2a82d8a7&0#{53]
   Begin the USB Task...
   Step 1 disable...
   Begin Step 2... Action: Write, Chip: RAM, Address: 0xF8002000, File: F:\work2014\proj\GP15B\download\G+CodePacker 1.0.9 Patch 001\USBMassProductionTool/code/gp15b_ispbin.bin
   Step 2 - Start Time : 2014/07/16 PM 05:46:47:375
   Step 2 - End Time : 2014/07/16 PM 05:46:47:381
   Step 2 ok! Spent Time: 0.0s
   Begin Step 3... Action: Jump to Function, Chip: RAM, Address: 0xF8002000
   Step 3 - Start Time : 2014/07/16 PM 05:46:47:381
   Step 3 - End Time : 2014/07/16 PM 05:46:47:382
   Step 3 ok! Spent Time: 0.0s
   Begin Step 4... Action: Erase, Chip: SPI Nor Flash, Address: 0x0000, Length: 40
   Step 4 - Start Time : 2014/07/16 PM 05:46:47:382
   Step 4 - End Time : 2014/07/16 PM 05:47:02:921
   Step 4 ok! Spent Time: 15.538s
   Begin Step 5... Action: Write, Chip: SPI Nor Flash, Address: 0x0000, File: F:\work2014\proj\GP15B\download/gp15bb/gp15b_spifc_pack_/gp_cardvr_upgrade_222.bin
   Step 5 - Start Time : 2014/07/16 PM 05:47:02:921
   Step 5 - End Time : 2014/07/16 PM 05:47:20:169
   Step 5 ok! Spent Time: 17.254s
   USB Task Finished! Spent Time: 32.792s
