
< 14-07-29 17:41:38 >==============================================
Device is Inserted On Driver : [Hub8 Port1] [VER:0, SN:6&17c92802&0#{53]
   Begin the USB Task...
   Step 1 disable...
   Begin Step 2... Action: Write, Chip: RAM, Address: 0xF8002000, File: F:\work2014\proj\GP15B\download\G+CodePacker 1.0.9 Patch 001\USBMassProductionTool/code/gp15b_ispbin.bin
   Step 2 - Start Time : 2014/07/29 PM 05:41:40:129
   Step 2 - End Time : 2014/07/29 PM 05:41:40:137
   Step 2 ok! Spent Time: 0.15s
   Begin Step 3... Action: Jump to Function, Chip: RAM, Address: 0xF8002000
   Step 3 - Start Time : 2014/07/29 PM 05:41:40:137
   Step 3 - End Time : 2014/07/29 PM 05:41:40:138
   Step 3 ok! Spent Time: 0.0s
   Begin Step 4... Action: Erase, Chip: SPI Nor Flash, Address: 0x0000, Length: 40
   Step 4 - Start Time : 2014/07/29 PM 05:41:40:138
   Step 4 - End Time : 2014/07/29 PM 05:41:55:488
   Step 4 ok! Spent Time: 15.351s
   Begin Step 5... Action: Write, Chip: SPI Nor Flash, Address: 0x0000, File: F:\work2014\proj\GP15B\download/gp15bb/gp15b_spifc_pack_/gp_cardvr_upgrade_222.bin
   Step 5 - Start Time : 2014/07/29 PM 05:41:55:488
   Step 5 - End Time : 2014/07/29 PM 05:42:10:944
   Step 5 ok! Spent Time: 15.459s
   USB Task Finished! Spent Time: 30.825s

< 14-07-29 18:16:16 >==============================================
Device is Inserted On Driver : [Hub8 Port1] [VER:0, SN:6&17c92802&0#{53]
   Begin the USB Task...
   Step 1 disable...
   Begin Step 2... Action: Write, Chip: RAM, Address: 0xF8002000, File: F:\work2014\proj\GP15B\download\G+CodePacker 1.0.9 Patch 001\USBMassProductionTool/code/gp15b_ispbin.bin
   Step 2 - Start Time : 2014/07/29 PM 06:16:19:06
   Step 2 - End Time : 2014/07/29 PM 06:16:19:14
   Step 2 ok! Spent Time: 0.15s
   Begin Step 3... Action: Jump to Function, Chip: RAM, Address: 0xF8002000
   Step 3 - Start Time : 2014/07/29 PM 06:16:19:14
   Step 3 - End Time : 2014/07/29 PM 06:16:19:15
   Step 3 ok! Spent Time: 0.0s
   Begin Step 4... Action: Erase, Chip: SPI Nor Flash, Address: 0x0000, Length: 40
   Step 4 - Start Time : 2014/07/29 PM 06:16:19:15
   Step 4 - End Time : 2014/07/29 PM 06:16:34:395
   Step 4 ok! Spent Time: 15.382s
   Begin Step 5... Action: Write, Chip: SPI Nor Flash, Address: 0x0000, File: F:\work2014\proj\GP15B\download/gp15bb/gp15b_spifc_pack_/gp_cardvr_upgrade_222.bin
   Step 5 - Start Time : 2014/07/29 PM 06:16:34:395
   Step 5 - End Time : 2014/07/29 PM 06:16:49:804
   Step 5 ok! Spent Time: 15.397s
   USB Task Finished! Spent Time: 30.794s

< 14-07-29 18:38:42 >==============================================
Device is Inserted On Driver : [Hub8 Port1] [VER:0, SN:6&17c92802&0#{53]
   Begin the USB Task...
   Step 1 disable...
   Begin Step 2... Action: Write, Chip: RAM, Address: 0xF8002000, File: F:\work2014\proj\GP15B\download\G+CodePacker 1.0.9 Patch 001\USBMassProductionTool/code/gp15b_ispbin.bin
   Step 2 - Start Time : 2014/07/29 PM 06:38:45:481
   Step 2 - End Time : 2014/07/29 PM 06:38:45:487
   Step 2 ok! Spent Time: 0.0s
   Begin Step 3... Action: Jump to Function, Chip: RAM, Address: 0xF8002000
   Step 3 - Start Time : 2014/07/29 PM 06:38:45:487
   Step 3 - End Time : 2014/07/29 PM 06:38:45:488
   Step 3 ok! Spent Time: 0.0s
   Begin Step 4... Action: Erase, Chip: SPI Nor Flash, Address: 0x0000, Length: 40
   Step 4 - Start Time : 2014/07/29 PM 06:38:45:488
   Step 4 - End Time : 2014/07/29 PM 06:39:00:846
   Step 4 ok! Spent Time: 15.351s
   Begin Step 5... Action: Write, Chip: SPI Nor Flash, Address: 0x0000, File: F:\work2014\proj\GP15B\download/gp15bb/gp15b_spifc_pack_/gp_cardvr_upgrade_222.bin
   Step 5 - Start Time : 2014/07/29 PM 06:39:00:846
   Step 5 - End Time : 2014/07/29 PM 06:39:16:267
   Step 5 ok! Spent Time: 15.428s
   USB Task Finished! Spent Time: 30.779s

< 14-07-29 18:51:03 >==============================================
Device is Inserted On Driver : [Hub8 Port1] [VER:0, SN:6&17c92802&0#{53]
   Begin the USB Task...
   Step 1 disable...
   Begin Step 2... Action: Write, Chip: RAM, Address: 0xF8002000, File: F:\work2014\proj\GP15B\download\G+CodePacker 1.0.9 Patch 001\USBMassProductionTool/code/gp15b_ispbin.bin
   Step 2 - Start Time : 2014/07/29 PM 06:51:09:935
   Step 2 - End Time : 2014/07/29 PM 06:51:09:941
   Step 2 ok! Spent Time: 0.16s
   Begin Step 3... Action: Jump to Function, Chip: RAM, Address: 0xF8002000
   Step 3 - Start Time : 2014/07/29 PM 06:51:09:941
   Step 3 - End Time : 2014/07/29 PM 06:51:09:942
   Step 3 ok! Spent Time: 0.0s
   Begin Step 4... Action: Erase, Chip: SPI Nor Flash, Address: 0x0000, Length: 40
   Step 4 - Start Time : 2014/07/29 PM 06:51:09:942
   Step 4 - End Time : 2014/07/29 PM 06:51:25:124
   Step 4 ok! Spent Time: 15.179s
   Begin Step 5... Action: Write, Chip: SPI Nor Flash, Address: 0x0000, File: F:\work2014\proj\GP15B\download/gp15bb/gp15b_spifc_pack_/gp_cardvr_upgrade_222.bin
   Step 5 - Start Time : 2014/07/29 PM 06:51:25:124
   Step 5 - End Time : 2014/07/29 PM 06:51:40:547
   Step 5 ok! Spent Time: 15.428s
   USB Task Finished! Spent Time: 30.623s
