
< 14-07-15 15:26:24 >==============================================
Device is Inserted On Driver : [Hub8 Port2] [VER:0, SN:6&2a82d8a7&0#{53]
   Begin the USB Task...
   Step 1 disable...
   Begin Step 2... Action: Write, Chip: RAM, Address: 0xF8002000, File: F:\work2014\proj\GP15B\download\G+CodePacker 1.0.9 Patch 001\USBMassProductionTool/code/gp15b_ispbin.bin
   Step 2 - Start Time : 2014/07/15 PM 03:26:29:02
   Step 2 - End Time : 2014/07/15 PM 03:26:29:08
   Step 2 ok! Spent Time: 0.0s
   Begin Step 3... Action: Jump to Function, Chip: RAM, Address: 0xF8002000
   Step 3 - Start Time : 2014/07/15 PM 03:26:29:08
   Step 3 - End Time : 2014/07/15 PM 03:26:29:09
   Step 3 ok! Spent Time: 0.0s
   Begin Step 4... Action: Erase, Chip: SPI Nor Flash, Address: 0x0000, Length: 40
   Step 4 - Start Time : 2014/07/15 PM 03:26:29:09
   Step 4 - End Time : 2014/07/15 PM 03:26:44:525
   Step 4 ok! Spent Time: 15.522s
   Begin Step 5... Action: Write, Chip: SPI Nor Flash, Address: 0x0000, File: F:\work2014\proj\GP15B\download/test/gp_cardvr_upgrade.bin
   Step 5 - Start Time : 2014/07/15 PM 03:26:44:525
   Step 5 - End Time : 2014/07/15 PM 03:27:01:713
   Step 5 ok! Spent Time: 17.192s
   USB Task Finished! Spent Time: 32.714s
