
< 14-07-11 13:59:20 >==============================================
Device is Inserted On Driver : [Hub8 Port2] [VER:0, SN:6&2a82d8a7&0#{53]
   Begin the USB Task...
   Step 1 disable...
   Begin Step 2... Action: Write, Chip: RAM, Address: 0xF8002000, File: F:\work2014\proj\GP15B\download\G+CodePacker 1.0.9 Patch 001\USBMassProductionTool/code/gp15b_ispbin.bin
   Step 2 - Start Time : 2014/07/11 PM 01:59:22:810
   Step 2 - End Time : 2014/07/11 PM 01:59:22:817
   Step 2 ok! Spent Time: 0.0s
   Begin Step 3... Action: Jump to Function, Chip: RAM, Address: 0xF8002000
   Step 3 - Start Time : 2014/07/11 PM 01:59:22:817
   Step 3 - End Time : 2014/07/11 PM 01:59:22:818
   Step 3 ok! Spent Time: 0.0s
   Begin Step 4... Action: Erase, Chip: SPI Nor Flash, Address: 0x0000, Length: 40
   Step 4 - Start Time : 2014/07/11 PM 01:59:22:818
   Step 4 - End Time : 2014/07/11 PM 01:59:38:390
   Step 4 ok! Spent Time: 15.554s
   Begin Step 5... Action: Write, Chip: SPI Nor Flash, Address: 0x0000, File: F:\work2014\proj\GP15B\download/gp15bb/gp15b_spifc_pack_/gp_cardvr_upgrade_222.bin
   Step 5 - Start Time : 2014/07/11 PM 01:59:38:390
   Step 5 - End Time : 2014/07/11 PM 01:59:55:675
   Step 5 ok! Spent Time: 17.284s
   USB Task Finished! Spent Time: 32.838s

< 14-07-11 18:29:13 >==============================================
Device is Inserted On Driver : [Hub8 Port2] [VER:0, SN:6&2a82d8a7&0#{53]
   Begin the USB Task...
   Step 1 disable...
   Begin Step 2... Action: Write, Chip: RAM, Address: 0xF8002000, File: F:\work2014\proj\GP15B\download\G+CodePacker 1.0.9 Patch 001\USBMassProductionTool/code/gp15b_ispbin.bin
   Step 2 - Start Time : 2014/07/11 PM 06:29:19:275
   Step 2 - End Time : 2014/07/11 PM 06:29:19:281
   Step 2 ok! Spent Time: 0.0s
   Begin Step 3... Action: Jump to Function, Chip: RAM, Address: 0xF8002000
   Step 3 - Start Time : 2014/07/11 PM 06:29:19:282
   Step 3 - End Time : 2014/07/11 PM 06:29:19:282
   Step 3 ok! Spent Time: 0.0s
   Begin Step 4... Action: Erase, Chip: SPI Nor Flash, Address: 0x0000, Length: 40
   Step 4 - Start Time : 2014/07/11 PM 06:29:19:282
   Step 4 - End Time : 2014/07/11 PM 06:29:34:770
   Step 4 ok! Spent Time: 15.491s
   Begin Step 5... Action: Write, Chip: SPI Nor Flash, Address: 0x0000, File: F:\work2014\proj\GP15B\download/gp15bb/gp15b_spifc_pack_/gp_cardvr_upgrade_222.bin
   Step 5 - Start Time : 2014/07/11 PM 06:29:34:770
   Step 5 - End Time : 2014/07/11 PM 06:29:51:972
   Step 5 ok! Spent Time: 17.207s
   USB Task Finished! Spent Time: 32.698s
