
< 14-07-18 10:11:59 >==============================================
Device is Inserted On Driver : [Hub8 Port1] [VER:0, SN:6&17c92802&0#{53]
   Begin the USB Task...
   Step 1 disable...
   Begin Step 2... Action: Write, Chip: RAM, Address: 0xF8002000, File: F:\work2014\proj\GP15B\download\G+CodePacker 1.0.9 Patch 001\USBMassProductionTool/code/gp15b_ispbin.bin
   Step 2 - Start Time : 2014/07/18 AM 10:12:03:218
   Step 2 - End Time : 2014/07/18 AM 10:12:03:218
   Step 2 ok! Spent Time: 0.0s
   Begin Step 3... Action: Jump to Function, Chip: RAM, Address: 0xF8002000
   Step 3 - Start Time : 2014/07/18 AM 10:12:03:218
   Step 3 - End Time : 2014/07/18 AM 10:12:03:218
   Step 3 ok! Spent Time: 0.0s
   Begin Step 4... Action: Erase, Chip: SPI Nor Flash, Address: 0x0000, Length: 40
   Step 4 - Start Time : 2014/07/18 AM 10:12:03:218
   Step 4 - End Time : 2014/07/18 AM 10:12:18:736
   Step 4 ok! Spent Time: 15.522s
   Begin Step 5... Action: Write, Chip: SPI Nor Flash, Address: 0x0000, File: F:\work2014\proj\GP15B\download/gp15bb/gp15b_spifc_pack_/gp_cardvr_upgrade_222.bin
   Step 5 - Start Time : 2014/07/18 AM 10:12:18:736
   Step 5 - End Time : 2014/07/18 AM 10:12:35:985
   Step 5 ok! Spent Time: 17.254s
   USB Task Finished! Spent Time: 32.776s

< 14-07-18 13:51:30 >==============================================
Device is Inserted On Driver : [Hub8 Port1] [VER:0, SN:6&17c92802&0#{53]
   Begin the USB Task...
   Step 1 disable...
   Begin Step 2... Action: Write, Chip: RAM, Address: 0xF8002000, File: F:\work2014\proj\GP15B\download\G+CodePacker 1.0.9 Patch 001\USBMassProductionTool/code/gp15b_ispbin.bin
   Step 2 - Start Time : 2014/07/18 PM 01:51:33:149
   Step 2 - End Time : 2014/07/18 PM 01:51:33:155
   Step 2 ok! Spent Time: 0.0s
   Begin Step 3... Action: Jump to Function, Chip: RAM, Address: 0xF8002000
   Step 3 - Start Time : 2014/07/18 PM 01:51:33:155
   Step 3 - End Time : 2014/07/18 PM 01:51:33:156
   Step 3 ok! Spent Time: 0.0s
   Begin Step 4... Action: Erase, Chip: SPI Nor Flash, Address: 0x0000, Length: 40
   Step 4 - Start Time : 2014/07/18 PM 01:51:33:156
   Step 4 - End Time : 2014/07/18 PM 01:51:48:450
   Step 4 ok! Spent Time: 15.304s
   Begin Step 5... Action: Write, Chip: SPI Nor Flash, Address: 0x0000, File: F:\work2014\proj\GP15B\download/gp15bb/gp15b_spifc_pack_/gp_cardvr_upgrade_222.bin
   Step 5 - Start Time : 2014/07/18 PM 01:51:48:450
   Step 5 - End Time : 2014/07/18 PM 01:52:05:907
   Step 5 ok! Spent Time: 17.457s
   USB Task Finished! Spent Time: 32.761s

< 14-07-18 14:05:13 >==============================================
Device is Inserted On Driver : [Hub8 Port1] [VER:0, SN:6&17c92802&0#{53]
   Begin the USB Task...
   Step 1 disable...
   Begin Step 2... Action: Write, Chip: RAM, Address: 0xF8002000, File: F:\work2014\proj\GP15B\download\G+CodePacker 1.0.9 Patch 001\USBMassProductionTool/code/gp15b_ispbin.bin
   Step 2 - Start Time : 2014/07/18 PM 02:05:14:756
   Step 2 - End Time : 2014/07/18 PM 02:05:14:763
   Step 2 ok! Spent Time: 0.0s
   Begin Step 3... Action: Jump to Function, Chip: RAM, Address: 0xF8002000
   Step 3 - Start Time : 2014/07/18 PM 02:05:14:763
   Step 3 - End Time : 2014/07/18 PM 02:05:14:763
   Step 3 ok! Spent Time: 0.0s
   Begin Step 4... Action: Erase, Chip: SPI Nor Flash, Address: 0x0000, Length: 40
   Step 4 - Start Time : 2014/07/18 PM 02:05:14:763
   Step 4 - End Time : 2014/07/18 PM 02:05:30:178
   Step 4 ok! Spent Time: 15.413s
   Begin Step 5... Action: Write, Chip: SPI Nor Flash, Address: 0x0000, File: F:\work2014\proj\GP15B\download/gp15bb/gp15b_spifc_pack_/gp_cardvr_upgrade_222.bin
   Step 5 - Start Time : 2014/07/18 PM 02:05:30:178
   Step 5 - End Time : 2014/07/18 PM 02:05:47:371
   Step 5 ok! Spent Time: 17.191s
   USB Task Finished! Spent Time: 32.604s

< 14-07-18 14:11:21 >==============================================
Device is Inserted On Driver : [Hub8 Port1] [VER:0, SN:6&17c92802&0#{53]
   Begin the USB Task...
   Step 1 disable...
   Begin Step 2... Action: Write, Chip: RAM, Address: 0xF8002000, File: F:\work2014\proj\GP15B\download\G+CodePacker 1.0.9 Patch 001\USBMassProductionTool/code/gp15b_ispbin.bin
   Step 2 - Start Time : 2014/07/18 PM 02:11:26:567
   Step 2 - End Time : 2014/07/18 PM 02:11:26:574
   Step 2 ok! Spent Time: 0.0s
   Begin Step 3... Action: Jump to Function, Chip: RAM, Address: 0xF8002000
   Step 3 - Start Time : 2014/07/18 PM 02:11:26:574
   Step 3 - End Time : 2014/07/18 PM 02:11:26:574
   Step 3 ok! Spent Time: 0.0s
   Begin Step 4... Action: Erase, Chip: SPI Nor Flash, Address: 0x0000, Length: 40
   Step 4 - Start Time : 2014/07/18 PM 02:11:26:574
   Step 4 - End Time : 2014/07/18 PM 02:11:42:19
   Step 4 ok! Spent Time: 15.445s
   Begin Step 5... Action: Write, Chip: SPI Nor Flash, Address: 0x0000, File: F:\work2014\proj\GP15B\download/gp15bb/gp15b_spifc_pack_/gp_cardvr_upgrade_222.bin
   Step 5 - Start Time : 2014/07/18 PM 02:11:42:19
   Step 5 - End Time : 2014/07/18 PM 02:11:59:212
   Step 5 ok! Spent Time: 17.206s
   USB Task Finished! Spent Time: 32.651s

< 14-07-18 14:18:06 >==============================================
Device is Inserted On Driver : [Hub8 Port1] [VER:0, SN:6&17c92802&0#{53]
   Begin the USB Task...
   Step 1 disable...
   Begin Step 2... Action: Write, Chip: RAM, Address: 0xF8002000, File: F:\work2014\proj\GP15B\download\G+CodePacker 1.0.9 Patch 001\USBMassProductionTool/code/gp15b_ispbin.bin
   Step 2 - Start Time : 2014/07/18 PM 02:18:09:152
   Step 2 - End Time : 2014/07/18 PM 02:18:09:158
   Step 2 ok! Spent Time: 0.0s
   Begin Step 3... Action: Jump to Function, Chip: RAM, Address: 0xF8002000
   Step 3 - Start Time : 2014/07/18 PM 02:18:09:158
   Step 3 - End Time : 2014/07/18 PM 02:18:09:159
   Step 3 ok! Spent Time: 0.0s
   Begin Step 4... Action: Erase, Chip: SPI Nor Flash, Address: 0x0000, Length: 40
   Step 4 - Start Time : 2014/07/18 PM 02:18:09:159
   Step 4 - End Time : 2014/07/18 PM 02:18:24:696
   Step 4 ok! Spent Time: 15.538s
   Begin Step 5... Action: Write, Chip: SPI Nor Flash, Address: 0x0000, File: F:\work2014\proj\GP15B\download/gp15bb/gp15b_spifc_pack_/gp_cardvr_upgrade_222.bin
   Step 5 - Start Time : 2014/07/18 PM 02:18:24:697
   Step 5 - End Time : 2014/07/18 PM 02:18:41:882
   Step 5 ok! Spent Time: 17.191s
   USB Task Finished! Spent Time: 32.729s

< 14-07-18 14:41:55 >==============================================
Device is Inserted On Driver : [Hub8 Port1] [VER:0, SN:6&17c92802&0#{53]
   Begin the USB Task...
   Step 1 disable...
   Begin Step 2... Action: Write, Chip: RAM, Address: 0xF8002000, File: F:\work2014\proj\GP15B\download\G+CodePacker 1.0.9 Patch 001\USBMassProductionTool/code/gp15b_ispbin.bin
   Step 2 - Start Time : 2014/07/18 PM 02:41:59:224
   Step 2 - End Time : 2014/07/18 PM 02:41:59:230
   Step 2 ok! Spent Time: 0.16s
   Begin Step 3... Action: Jump to Function, Chip: RAM, Address: 0xF8002000
   Step 3 - Start Time : 2014/07/18 PM 02:41:59:230
   Step 3 - End Time : 2014/07/18 PM 02:41:59:231
   Step 3 ok! Spent Time: 0.0s
   Begin Step 4... Action: Erase, Chip: SPI Nor Flash, Address: 0x0000, Length: 40
   Step 4 - Start Time : 2014/07/18 PM 02:41:59:231
   Step 4 - End Time : 2014/07/18 PM 02:42:14:662
   Step 4 ok! Spent Time: 15.428s
   Begin Step 5... Action: Write, Chip: SPI Nor Flash, Address: 0x0000, File: F:\work2014\proj\GP15B\download/gp15bb/gp15b_spifc_pack_/gp_cardvr_upgrade_222.bin
   Step 5 - Start Time : 2014/07/18 PM 02:42:14:662
   Step 5 - End Time : 2014/07/18 PM 02:42:31:844
   Step 5 ok! Spent Time: 17.176s
   USB Task Finished! Spent Time: 32.620s
