
< 17-09-11 09:29:57 >==============================================
Device is Inserted On Driver : [Hub1 Port8] [VER:0, SN:6&f6aa9cd&0#{53f]
   Device is Pullouted.

< 17-09-11 09:33:44 >==============================================
Device is Inserted On Driver : [Hub1 Port8] [VER:0, SN:6&f6aa9cd&0#{53f]
   Begin the USB Task...
   Step 1 disable...
   Begin Step 2... Action: Write, Chip: RAM, Address: 0xF8002000, File: F:\work\item\7673\v001\program\Tools\G+CodePacker 1.0.9 Patch 001\USBMassProductionTool/code/gp15b_ispbin.bin
   Step 2 - Start Time : 2017/09/11 AM 09:33:47:350
   Step 2 - End Time : 2017/09/11 AM 09:33:47:358
   Step 2 ok! Spent Time: 0.15s
   Begin Step 3... Action: Jump to Function, Chip: RAM, Address: 0xF8002000
   Step 3 - Start Time : 2017/09/11 AM 09:33:47:358
   Step 3 - End Time : 2017/09/11 AM 09:33:47:359
   Step 3 ok! Spent Time: 0.0s
   Begin Step 4... Action: Erase, Chip: SPI Nor Flash, Address: 0x0000, Length: 40
   Step 4 - Start Time : 2017/09/11 AM 09:33:47:359
   Step 4 - End Time : 2017/09/11 AM 09:34:01:812
   Step 4 ok! Spent Time: 14.446s
   Begin Step 5... Action: Write, Chip: SPI Nor Flash, Address: 0x0000, File: F:\work\item\7673\v001\program\Tools/gpcv1248_spifc_pack_/cb_result.bin
   Step 5 - Start Time : 2017/09/11 AM 09:34:01:812
   Step 5 - End Time : 2017/09/11 AM 09:34:05:427
   Step 5 ok! Spent Time: 3.619s
   USB Task Finished! Spent Time: 18.80s
   Device is Pullouted.

< 17-09-11 09:36:17 >==============================================
Device is Inserted On Driver : [Hub1 Port8] [VER:0, SN:6&f6aa9cd&0#{53f]
   Begin the USB Task...
   Step 1 disable...
   Begin Step 2... Action: Write, Chip: RAM, Address: 0xF8002000, File: F:\work\item\7673\v001\program\Tools\G+CodePacker 1.0.9 Patch 001\USBMassProductionTool/code/gp15b_ispbin.bin
   Step 2 - Start Time : 2017/09/11 AM 09:36:20:361
   Step 2 - End Time : 2017/09/11 AM 09:36:20:368
   Step 2 ok! Spent Time: 0.0s
   Begin Step 3... Action: Jump to Function, Chip: RAM, Address: 0xF8002000
   Step 3 - Start Time : 2017/09/11 AM 09:36:20:368
   Step 3 - End Time : 2017/09/11 AM 09:36:20:369
   Step 3 ok! Spent Time: 0.0s
   Begin Step 4... Action: Erase, Chip: SPI Nor Flash, Address: 0x0000, Length: 40
   Step 4 - Start Time : 2017/09/11 AM 09:36:20:370
   Step 4 - End Time : 2017/09/11 AM 09:36:34:531
   Step 4 ok! Spent Time: 14.165s
   Begin Step 5... Action: Write, Chip: SPI Nor Flash, Address: 0x0000, File: F:\work\item\7673\v001\program\Tools/gpcv1248_spifc_pack_/cb_result.bin
   Step 5 - Start Time : 2017/09/11 AM 09:36:34:532
   Step 5 - End Time : 2017/09/11 AM 09:36:38:160
   Step 5 ok! Spent Time: 3.635s
   USB Task Finished! Spent Time: 17.800s
   Device is Pullouted.

< 17-09-11 09:40:22 >==============================================
Device is Inserted On Driver : [Hub1 Port8] [VER:0, SN:6&f6aa9cd&0#{53f]
   Begin the USB Task...
   Step 1 disable...
   Begin Step 2... Action: Write, Chip: RAM, Address: 0xF8002000, File: F:\work\item\7673\v001\program\Tools\G+CodePacker 1.0.9 Patch 001\USBMassProductionTool/code/gp15b_ispbin.bin
   Step 2 - Start Time : 2017/09/11 AM 09:40:24:986
   Step 2 - End Time : 2017/09/11 AM 09:40:24:992
   Step 2 ok! Spent Time: 0.0s
   Begin Step 3... Action: Jump to Function, Chip: RAM, Address: 0xF8002000
   Step 3 - Start Time : 2017/09/11 AM 09:40:24:992
   Step 3 - End Time : 2017/09/11 AM 09:40:24:992
   Step 3 ok! Spent Time: 0.0s
   Begin Step 4... Action: Erase, Chip: SPI Nor Flash, Address: 0x0000, Length: 40
   Step 4 - Start Time : 2017/09/11 AM 09:40:24:992
   Step 4 - End Time : 2017/09/11 AM 09:40:39:175
   Step 4 ok! Spent Time: 14.181s
   Begin Step 5... Action: Write, Chip: SPI Nor Flash, Address: 0x0000, File: F:\work\item\7673\v001\program\Tools/gpcv1248_spifc_pack_/cb_result.bin
   Step 5 - Start Time : 2017/09/11 AM 09:40:39:175
   Step 5 - End Time : 2017/09/11 AM 09:40:42:809
   Step 5 ok! Spent Time: 3.635s
   USB Task Finished! Spent Time: 17.816s
   Device is Pullouted.

< 17-09-11 09:42:02 >==============================================
Device is Inserted On Driver : [Hub1 Port8] [VER:0, SN:6&f6aa9cd&0#{53f]
   Begin the USB Task...
   Step 1 disable...
   Begin Step 2... Action: Write, Chip: RAM, Address: 0xF8002000, File: F:\work\item\7673\v001\program\Tools\G+CodePacker 1.0.9 Patch 001\USBMassProductionTool/code/gp15b_ispbin.bin
   Step 2 - Start Time : 2017/09/11 AM 09:42:06:93
   Step 2 - End Time : 2017/09/11 AM 09:42:06:100
   Step 2 ok! Spent Time: 0.0s
   Begin Step 3... Action: Jump to Function, Chip: RAM, Address: 0xF8002000
   Step 3 - Start Time : 2017/09/11 AM 09:42:06:100
   Step 3 - End Time : 2017/09/11 AM 09:42:06:100
   Step 3 ok! Spent Time: 0.0s
   Begin Step 4... Action: Erase, Chip: SPI Nor Flash, Address: 0x0000, Length: 40
   Step 4 - Start Time : 2017/09/11 AM 09:42:06:101
   Step 4 - End Time : 2017/09/11 AM 09:42:20:289
   Step 4 ok! Spent Time: 14.196s
   Begin Step 5... Action: Write, Chip: SPI Nor Flash, Address: 0x0000, File: F:\work\item\7673\v001\program\Tools/gpcv1248_spifc_pack_/cb_result.bin
   Step 5 - Start Time : 2017/09/11 AM 09:42:20:289
   Step 5 - End Time : 2017/09/11 AM 09:42:23:916
   Step 5 ok! Spent Time: 3.619s
   USB Task Finished! Spent Time: 17.815s
   Device is Pullouted.

< 17-09-11 09:43:35 >==============================================
Device is Inserted On Driver : [Hub1 Port8] [VER:0, SN:6&f6aa9cd&0#{53f]
   Begin the USB Task...
   Step 1 disable...
   Begin Step 2... Action: Write, Chip: RAM, Address: 0xF8002000, File: F:\work\item\7673\v001\program\Tools\G+CodePacker 1.0.9 Patch 001\USBMassProductionTool/code/gp15b_ispbin.bin
   Step 2 - Start Time : 2017/09/11 AM 09:43:38:580
   Step 2 - End Time : 2017/09/11 AM 09:43:38:586
   Step 2 ok! Spent Time: 0.0s
   Begin Step 3... Action: Jump to Function, Chip: RAM, Address: 0xF8002000
   Step 3 - Start Time : 2017/09/11 AM 09:43:38:587
   Step 3 - End Time : 2017/09/11 AM 09:43:38:587
   Step 3 ok! Spent Time: 0.0s
   Begin Step 4... Action: Erase, Chip: SPI Nor Flash, Address: 0x0000, Length: 40
   Step 4 - Start Time : 2017/09/11 AM 09:43:38:587
   Step 4 - End Time : 2017/09/11 AM 09:43:52:871
   Step 4 ok! Spent Time: 14.290s
   Begin Step 5... Action: Write, Chip: SPI Nor Flash, Address: 0x0000, File: F:\work\item\7673\v001\program\Tools/gpcv1248_spifc_pack_/cb_result.bin
   Step 5 - Start Time : 2017/09/11 AM 09:43:52:871
   Step 5 - End Time : 2017/09/11 AM 09:43:56:499
   Step 5 ok! Spent Time: 3.619s
   USB Task Finished! Spent Time: 17.909s
   Device is Pullouted.

< 17-09-11 09:53:11 >==============================================
Device is Inserted On Driver : [Hub1 Port8] [VER:0, SN:6&f6aa9cd&0#{53f]
   Begin the USB Task...
   Step 1 disable...
   Begin Step 2... Action: Write, Chip: RAM, Address: 0xF8002000, File: F:\work\item\7673\v001\program\Tools\G+CodePacker 1.0.9 Patch 001\USBMassProductionTool/code/gp15b_ispbin.bin
   Step 2 - Start Time : 2017/09/11 AM 09:53:15:42
   Step 2 - End Time : 2017/09/11 AM 09:53:15:49
   Step 2 ok! Spent Time: 0.0s
   Begin Step 3... Action: Jump to Function, Chip: RAM, Address: 0xF8002000
   Step 3 - Start Time : 2017/09/11 AM 09:53:15:49
   Step 3 - End Time : 2017/09/11 AM 09:53:15:49
   Step 3 ok! Spent Time: 0.0s
   Begin Step 4... Action: Erase, Chip: SPI Nor Flash, Address: 0x0000, Length: 40
   Step 4 - Start Time : 2017/09/11 AM 09:53:15:50
   Step 4 - End Time : 2017/09/11 AM 09:53:32:660
   Step 4 ok! Spent Time: 17.597s
   Begin Step 5... Action: Write, Chip: SPI Nor Flash, Address: 0x0000, File: F:\work\item\7673\v001\program\Tools/gpcv1248_spifc_pack_/cb_result.bin
   Step 5 - Start Time : 2017/09/11 AM 09:53:32:661
   Step 5 - End Time : 2017/09/11 AM 09:53:35:272
   Step 5 ok! Spent Time: 2.621s
   USB Task Finished! Spent Time: 20.234s
   Device is Pullouted.

< 17-09-11 10:00:32 >==============================================
Device is Inserted On Driver : [Hub1 Port8] [VER:0, SN:6&f6aa9cd&0#{53f]
   Begin the USB Task...
   Step 1 disable...
   Begin Step 2... Action: Write, Chip: RAM, Address: 0xF8002000, File: F:\work\item\7673\v001\program\Tools\G+CodePacker 1.0.9 Patch 001\USBMassProductionTool/code/gp15b_ispbin.bin
   Step 2 - Start Time : 2017/09/11 AM 10:00:35:884
   Step 2 - End Time : 2017/09/11 AM 10:00:35:890
   Step 2 ok! Spent Time: 0.0s
   Begin Step 3... Action: Jump to Function, Chip: RAM, Address: 0xF8002000
   Step 3 - Start Time : 2017/09/11 AM 10:00:35:890
   Step 3 - End Time : 2017/09/11 AM 10:00:35:891
   Step 3 ok! Spent Time: 0.0s
   Begin Step 4... Action: Erase, Chip: SPI Nor Flash, Address: 0x0000, Length: 40
   Step 4 - Start Time : 2017/09/11 AM 10:00:35:891
   Step 4 - End Time : 2017/09/11 AM 10:00:51:325
   Step 4 ok! Spent Time: 15.444s
   Begin Step 5... Action: Write, Chip: SPI Nor Flash, Address: 0x0000, File: F:\work\item\7673\v001\program\Tools/gpcv1248_spifc_pack_/cb_result.bin
   Step 5 - Start Time : 2017/09/11 AM 10:00:51:325
   Step 5 - End Time : 2017/09/11 AM 10:00:53:893
   Step 5 ok! Spent Time: 2.558s
   USB Task Finished! Spent Time: 18.2s
   Device is Pullouted.

< 17-09-11 10:02:48 >==============================================
Device is Inserted On Driver : [Hub1 Port8] [VER:0, SN:6&f6aa9cd&0#{53f]
   Begin the USB Task...
   Step 1 disable...
   Begin Step 2... Action: Write, Chip: RAM, Address: 0xF8002000, File: F:\work\item\7673\v001\program\Tools\G+CodePacker 1.0.9 Patch 001\USBMassProductionTool/code/gp15b_ispbin.bin
   Step 2 - Start Time : 2017/09/11 AM 10:02:52:962
   Step 2 - End Time : 2017/09/11 AM 10:02:52:969
   Step 2 ok! Spent Time: 0.0s
   Begin Step 3... Action: Jump to Function, Chip: RAM, Address: 0xF8002000
   Step 3 - Start Time : 2017/09/11 AM 10:02:52:969
   Step 3 - End Time : 2017/09/11 AM 10:02:52:970
   Step 3 ok! Spent Time: 0.0s
   Begin Step 4... Action: Erase, Chip: SPI Nor Flash, Address: 0x0000, Length: 40
   Step 4 - Start Time : 2017/09/11 AM 10:02:52:970
   Step 4 - End Time : 2017/09/11 AM 10:03:08:210
   Step 4 ok! Spent Time: 15.241s
   Begin Step 5... Action: Write, Chip: SPI Nor Flash, Address: 0x0000, File: F:\work\item\7673\v001\program\Tools/gpcv1248_spifc_pack_/cb_result.bin
   Step 5 - Start Time : 2017/09/11 AM 10:03:08:211
   Step 5 - End Time : 2017/09/11 AM 10:03:10:784
   Step 5 ok! Spent Time: 2.574s
   USB Task Finished! Spent Time: 17.815s
   Device is Pullouted.

< 17-09-11 10:06:03 >==============================================
Device is Inserted On Driver : [Hub1 Port8] [VER:0, SN:6&f6aa9cd&0#{53f]
   Begin the USB Task...
   Step 1 disable...
   Begin Step 2... Action: Write, Chip: RAM, Address: 0xF8002000, File: F:\work\item\7673\v001\program\Tools\G+CodePacker 1.0.9 Patch 001\USBMassProductionTool/code/gp15b_ispbin.bin
   Step 2 - Start Time : 2017/09/11 AM 10:06:08:370
   Step 2 - End Time : 2017/09/11 AM 10:06:08:377
   Step 2 ok! Spent Time: 0.0s
   Begin Step 3... Action: Jump to Function, Chip: RAM, Address: 0xF8002000
   Step 3 - Start Time : 2017/09/11 AM 10:06:08:377
   Step 3 - End Time : 2017/09/11 AM 10:06:08:378
   Step 3 ok! Spent Time: 0.0s
   Begin Step 4... Action: Erase, Chip: SPI Nor Flash, Address: 0x0000, Length: 40
   Step 4 - Start Time : 2017/09/11 AM 10:06:08:378
   Step 4 - End Time : 2017/09/11 AM 10:06:23:588
   Step 4 ok! Spent Time: 15.210s
   Begin Step 5... Action: Write, Chip: SPI Nor Flash, Address: 0x0000, File: F:\work\item\7673\v001\program\Tools/gpcv1248_spifc_pack_/cb_result.bin
   Step 5 - Start Time : 2017/09/11 AM 10:06:23:588
   Step 5 - End Time : 2017/09/11 AM 10:06:26:159
   Step 5 ok! Spent Time: 2.574s
   USB Task Finished! Spent Time: 17.784s
   Device is Pullouted.

< 17-09-11 10:39:56 >==============================================
Device is Inserted On Driver : [Hub1 Port8] [VER:0, SN:6&f6aa9cd&0#{53f]
   Begin the USB Task...
   Step 1 disable...
   Begin Step 2... Action: Write, Chip: RAM, Address: 0xF8002000, File: F:\work\item\7673\v001\program\Tools\G+CodePacker 1.0.9 Patch 001\USBMassProductionTool/code/gp15b_ispbin.bin
   Step 2 - Start Time : 2017/09/11 AM 10:39:59:837
   Step 2 - End Time : 2017/09/11 AM 10:39:59:844
   Step 2 ok! Spent Time: 0.16s
   Begin Step 3... Action: Jump to Function, Chip: RAM, Address: 0xF8002000
   Step 3 - Start Time : 2017/09/11 AM 10:39:59:844
   Step 3 - End Time : 2017/09/11 AM 10:39:59:845
   Step 3 ok! Spent Time: 0.0s
   Begin Step 4... Action: Erase, Chip: SPI Nor Flash, Address: 0x0000, Length: 40
   Step 4 - Start Time : 2017/09/11 AM 10:39:59:845
   Step 4 - End Time : 2017/09/11 AM 10:40:14:964
   Step 4 ok! Spent Time: 15.116s
   Begin Step 5... Action: Write, Chip: SPI Nor Flash, Address: 0x0000, File: F:\work\item\7673\v001\program\Tools/gpcv1248_spifc_pack_/cb_result.bin
   Step 5 - Start Time : 2017/09/11 AM 10:40:14:964
   Step 5 - End Time : 2017/09/11 AM 10:40:17:551
   Step 5 ok! Spent Time: 2.590s
   USB Task Finished! Spent Time: 17.722s
   Device is Pullouted.

< 17-09-11 10:43:18 >==============================================
Device is Inserted On Driver : [Hub1 Port8] [VER:0, SN:6&f6aa9cd&0#{53f]
   Begin the USB Task...
   Step 1 disable...
   Begin Step 2... Action: Write, Chip: RAM, Address: 0xF8002000, File: F:\work\item\7673\v001\program\Tools\G+CodePacker 1.0.9 Patch 001\USBMassProductionTool/code/gp15b_ispbin.bin
   Step 2 - Start Time : 2017/09/11 AM 10:43:22:896
   Step 2 - End Time : 2017/09/11 AM 10:43:22:903
   Step 2 ok! Spent Time: 0.0s
   Begin Step 3... Action: Jump to Function, Chip: RAM, Address: 0xF8002000
   Step 3 - Start Time : 2017/09/11 AM 10:43:22:903
   Step 3 - End Time : 2017/09/11 AM 10:43:22:904
   Step 3 ok! Spent Time: 0.0s
   Begin Step 4... Action: Erase, Chip: SPI Nor Flash, Address: 0x0000, Length: 40
   Step 4 - Start Time : 2017/09/11 AM 10:43:22:904
   Step 4 - End Time : 2017/09/11 AM 10:43:37:548
   Step 4 ok! Spent Time: 14.648s
   Begin Step 5... Action: Write, Chip: SPI Nor Flash, Address: 0x0000, File: F:\work\item\7673\v001\program\Tools/gpcv1248_spifc_pack_/cb_result.bin
   Step 5 - Start Time : 2017/09/11 AM 10:43:37:549
   Step 5 - End Time : 2017/09/11 AM 10:43:40:94
   Step 5 ok! Spent Time: 2.543s
   USB Task Finished! Spent Time: 17.191s
   Device is Pullouted.

< 17-09-11 10:45:10 >==============================================
Device is Inserted On Driver : [Hub1 Port8] [VER:0, SN:6&f6aa9cd&0#{53f]
   Begin the USB Task...
   Step 1 disable...
   Begin Step 2... Action: Write, Chip: RAM, Address: 0xF8002000, File: F:\work\item\7673\v001\program\Tools\G+CodePacker 1.0.9 Patch 001\USBMassProductionTool/code/gp15b_ispbin.bin
   Step 2 - Start Time : 2017/09/11 AM 10:45:13:380
   Step 2 - End Time : 2017/09/11 AM 10:45:13:388
   Step 2 ok! Spent Time: 0.15s
   Begin Step 3... Action: Jump to Function, Chip: RAM, Address: 0xF8002000
   Step 3 - Start Time : 2017/09/11 AM 10:45:13:388
   Step 3 - End Time : 2017/09/11 AM 10:45:13:388
   Step 3 ok! Spent Time: 0.0s
   Begin Step 4... Action: Erase, Chip: SPI Nor Flash, Address: 0x0000, Length: 40
   Step 4 - Start Time : 2017/09/11 AM 10:45:13:389
   Step 4 - End Time : 2017/09/11 AM 10:45:28:840
   Step 4 ok! Spent Time: 15.444s
   Begin Step 5... Action: Write, Chip: SPI Nor Flash, Address: 0x0000, File: F:\work\item\7673\v001\program\Tools/gpcv1248_spifc_pack_/cb_result.bin
   Step 5 - Start Time : 2017/09/11 AM 10:45:28:841
   Step 5 - End Time : 2017/09/11 AM 10:45:31:425
   Step 5 ok! Spent Time: 2.590s
   USB Task Finished! Spent Time: 18.49s
   Device is Pullouted.

< 17-09-11 10:53:18 >==============================================
Device is Inserted On Driver : [Hub1 Port8] [VER:0, SN:6&f6aa9cd&0#{53f]
   Begin the USB Task...
   Step 1 disable...
   Begin Step 2... Action: Write, Chip: RAM, Address: 0xF8002000, File: F:\work\item\7673\v001\program\Tools\G+CodePacker 1.0.9 Patch 001\USBMassProductionTool/code/gp15b_ispbin.bin
   Step 2 - Start Time : 2017/09/11 AM 10:53:21:81
   Step 2 - End Time : 2017/09/11 AM 10:53:21:87
   Step 2 ok! Spent Time: 0.0s
   Begin Step 3... Action: Jump to Function, Chip: RAM, Address: 0xF8002000
   Step 3 - Start Time : 2017/09/11 AM 10:53:21:87
   Step 3 - End Time : 2017/09/11 AM 10:53:21:87
   Step 3 ok! Spent Time: 0.0s
   Begin Step 4... Action: Erase, Chip: SPI Nor Flash, Address: 0x0000, Length: 40
   Step 4 - Start Time : 2017/09/11 AM 10:53:21:87
   Step 4 - End Time : 2017/09/11 AM 10:53:36:217
   Step 4 ok! Spent Time: 15.133s
   Begin Step 5... Action: Write, Chip: SPI Nor Flash, Address: 0x0000, File: F:\work\item\7673\v001\program\Tools/gpcv1248_spifc_pack_/cb_result.bin
   Step 5 - Start Time : 2017/09/11 AM 10:53:36:217
   Step 5 - End Time : 2017/09/11 AM 10:53:38:795
   Step 5 ok! Spent Time: 2.574s
   USB Task Finished! Spent Time: 17.707s
   Device is Pullouted.

< 17-09-11 10:56:12 >==============================================
Device is Inserted On Driver : [Hub1 Port8] [VER:0, SN:6&f6aa9cd&0#{53f]
   Begin the USB Task...
   Step 1 disable...
   Begin Step 2... Action: Write, Chip: RAM, Address: 0xF8002000, File: F:\work\item\7673\v001\program\Tools\G+CodePacker 1.0.9 Patch 001\USBMassProductionTool/code/gp15b_ispbin.bin
   Step 2 - Start Time : 2017/09/11 AM 10:56:16:102
   Step 2 - End Time : 2017/09/11 AM 10:56:16:108
   Step 2 ok! Spent Time: 0.0s
   Begin Step 3... Action: Jump to Function, Chip: RAM, Address: 0xF8002000
   Step 3 - Start Time : 2017/09/11 AM 10:56:16:108
   Step 3 - End Time : 2017/09/11 AM 10:56:16:109
   Step 3 ok! Spent Time: 0.16s
   Begin Step 4... Action: Erase, Chip: SPI Nor Flash, Address: 0x0000, Length: 40
   Step 4 - Start Time : 2017/09/11 AM 10:56:16:110
   Step 4 - End Time : 2017/09/11 AM 10:56:31:302
   Step 4 ok! Spent Time: 15.179s
   Begin Step 5... Action: Write, Chip: SPI Nor Flash, Address: 0x0000, File: F:\work\item\7673\v001\program\Tools/gpcv1248_spifc_pack_/cb_result.bin
   Step 5 - Start Time : 2017/09/11 AM 10:56:31:302
   Step 5 - End Time : 2017/09/11 AM 10:56:33:890
   Step 5 ok! Spent Time: 2.589s
   USB Task Finished! Spent Time: 17.784s
   Device is Pullouted.

< 17-09-11 11:00:30 >==============================================
Device is Inserted On Driver : [Hub1 Port8] [VER:0, SN:6&f6aa9cd&0#{53f]
   Begin the USB Task...
   Step 1 disable...
   Begin Step 2... Action: Write, Chip: RAM, Address: 0xF8002000, File: F:\work\item\7673\v001\program\Tools\G+CodePacker 1.0.9 Patch 001\USBMassProductionTool/code/gp15b_ispbin.bin
   Step 2 - Start Time : 2017/09/11 AM 11:00:34:155
   Step 2 - End Time : 2017/09/11 AM 11:00:34:162
   Step 2 ok! Spent Time: 0.0s
   Begin Step 3... Action: Jump to Function, Chip: RAM, Address: 0xF8002000
   Step 3 - Start Time : 2017/09/11 AM 11:00:34:162
   Step 3 - End Time : 2017/09/11 AM 11:00:34:163
   Step 3 ok! Spent Time: 0.0s
   Begin Step 4... Action: Erase, Chip: SPI Nor Flash, Address: 0x0000, Length: 40
   Step 4 - Start Time : 2017/09/11 AM 11:00:34:163
   Step 4 - End Time : 2017/09/11 AM 11:00:49:381
   Step 4 ok! Spent Time: 15.226s
   Begin Step 5... Action: Write, Chip: SPI Nor Flash, Address: 0x0000, File: F:\work\item\7673\v001\program\Tools/gpcv1248_spifc_pack_/cb_result.bin
   Step 5 - Start Time : 2017/09/11 AM 11:00:49:383
   Step 5 - End Time : 2017/09/11 AM 11:00:51:967
   Step 5 ok! Spent Time: 2.589s
   USB Task Finished! Spent Time: 17.815s
   Device is Pullouted.

< 17-09-11 11:15:01 >==============================================
Device is Inserted On Driver : [Hub1 Port8] [VER:0, SN:6&f6aa9cd&0#{53f]
   Begin the USB Task...
   Step 1 disable...
   Begin Step 2... Action: Write, Chip: RAM, Address: 0xF8002000, File: F:\work\item\7673\v001\program\Tools\G+CodePacker 1.0.9 Patch 001\USBMassProductionTool/code/gp15b_ispbin.bin
   Step 2 - Start Time : 2017/09/11 AM 11:15:04:88
   Step 2 - End Time : 2017/09/11 AM 11:15:04:95
   Step 2 ok! Spent Time: 0.15s
   Begin Step 3... Action: Jump to Function, Chip: RAM, Address: 0xF8002000
   Step 3 - Start Time : 2017/09/11 AM 11:15:04:95
   Step 3 - End Time : 2017/09/11 AM 11:15:04:95
   Step 3 ok! Spent Time: 0.0s
   Begin Step 4... Action: Erase, Chip: SPI Nor Flash, Address: 0x0000, Length: 40
   Step 4 - Start Time : 2017/09/11 AM 11:15:04:96
   Step 4 - End Time : 2017/09/11 AM 11:15:19:220
   Step 4 ok! Spent Time: 15.117s
   Begin Step 5... Action: Write, Chip: SPI Nor Flash, Address: 0x0000, File: F:\work\item\7673\v001\program\Tools/gpcv1248_spifc_pack_/cb_result.bin
   Step 5 - Start Time : 2017/09/11 AM 11:15:19:220
   Step 5 - End Time : 2017/09/11 AM 11:15:21:880
   Step 5 ok! Spent Time: 2.668s
   USB Task Finished! Spent Time: 17.800s
   Device is Pullouted.

< 17-09-11 11:29:29 >==============================================
Device is Inserted On Driver : [Hub1 Port8] [VER:0, SN:6&f6aa9cd&0#{53f]
   Begin the USB Task...
   Step 1 disable...
   Begin Step 2... Action: Write, Chip: RAM, Address: 0xF8002000, File: F:\work\item\7673\v001\program\Tools\G+CodePacker 1.0.9 Patch 001\USBMassProductionTool/code/gp15b_ispbin.bin
   Step 2 - Start Time : 2017/09/11 AM 11:29:32:864
   Step 2 - End Time : 2017/09/11 AM 11:29:32:871
   Step 2 ok! Spent Time: 0.0s
   Begin Step 3... Action: Jump to Function, Chip: RAM, Address: 0xF8002000
   Step 3 - Start Time : 2017/09/11 AM 11:29:32:871
   Step 3 - End Time : 2017/09/11 AM 11:29:32:871
   Step 3 ok! Spent Time: 0.0s
   Begin Step 4... Action: Erase, Chip: SPI Nor Flash, Address: 0x0000, Length: 40
   Step 4 - Start Time : 2017/09/11 AM 11:29:32:871
   Step 4 - End Time : 2017/09/11 AM 11:29:48:482
   Step 4 ok! Spent Time: 15.616s
   Begin Step 5... Action: Write, Chip: SPI Nor Flash, Address: 0x0000, File: F:\work\item\7673\v001\program\Tools/gpcv1248_spifc_pack_/cb_result.bin
   Step 5 - Start Time : 2017/09/11 AM 11:29:48:482
   Step 5 - End Time : 2017/09/11 AM 11:29:51:133
   Step 5 ok! Spent Time: 2.652s
   USB Task Finished! Spent Time: 18.268s
   Device is Pullouted.

< 17-09-11 11:31:55 >==============================================
Device is Inserted On Driver : [Hub1 Port8] [VER:0, SN:6&f6aa9cd&0#{53f]
   Begin the USB Task...
   Step 1 disable...
   Begin Step 2... Action: Write, Chip: RAM, Address: 0xF8002000, File: F:\work\item\7673\v001\program\Tools\G+CodePacker 1.0.9 Patch 001\USBMassProductionTool/code/gp15b_ispbin.bin
   Step 2 - Start Time : 2017/09/11 AM 11:31:59:97
   Step 2 - End Time : 2017/09/11 AM 11:31:59:104
   Step 2 ok! Spent Time: 0.0s
   Begin Step 3... Action: Jump to Function, Chip: RAM, Address: 0xF8002000
   Step 3 - Start Time : 2017/09/11 AM 11:31:59:104
   Step 3 - End Time : 2017/09/11 AM 11:31:59:104
   Step 3 ok! Spent Time: 0.0s
   Begin Step 4... Action: Erase, Chip: SPI Nor Flash, Address: 0x0000, Length: 40
   Step 4 - Start Time : 2017/09/11 AM 11:31:59:105
   Step 4 - End Time : 2017/09/11 AM 11:32:14:224
   Step 4 ok! Spent Time: 15.117s
   Begin Step 5... Action: Write, Chip: SPI Nor Flash, Address: 0x0000, File: F:\work\item\7673\v001\program\Tools/gpcv1248_spifc_pack_/cb_result.bin
   Step 5 - Start Time : 2017/09/11 AM 11:32:14:224
   Step 5 - End Time : 2017/09/11 AM 11:32:16:882
   Step 5 ok! Spent Time: 2.667s
   USB Task Finished! Spent Time: 17.784s
   Device is Pullouted.

< 17-09-11 11:33:31 >==============================================
Device is Inserted On Driver : [Hub1 Port8] [VER:0, SN:6&f6aa9cd&0#{53f]
   Begin the USB Task...
   Step 1 disable...
   Begin Step 2... Action: Write, Chip: RAM, Address: 0xF8002000, File: F:\work\item\7673\v001\program\Tools\G+CodePacker 1.0.9 Patch 001\USBMassProductionTool/code/gp15b_ispbin.bin
   Step 2 - Start Time : 2017/09/11 AM 11:33:36:479
   Step 2 - End Time : 2017/09/11 AM 11:33:36:486
   Step 2 ok! Spent Time: 0.16s
   Begin Step 3... Action: Jump to Function, Chip: RAM, Address: 0xF8002000
   Step 3 - Start Time : 2017/09/11 AM 11:33:36:486
   Step 3 - End Time : 2017/09/11 AM 11:33:36:487
   Step 3 ok! Spent Time: 0.0s
   Begin Step 4... Action: Erase, Chip: SPI Nor Flash, Address: 0x0000, Length: 40
   Step 4 - Start Time : 2017/09/11 AM 11:33:36:489
   Step 4 - End Time : 2017/09/11 AM 11:33:51:190
   Step 4 ok! Spent Time: 14.695s
   Begin Step 5... Action: Write, Chip: SPI Nor Flash, Address: 0x0000, File: F:\work\item\7673\v001\program\Tools/gpcv1248_spifc_pack_/cb_result.bin
   Step 5 - Start Time : 2017/09/11 AM 11:33:51:190
   Step 5 - End Time : 2017/09/11 AM 11:33:53:875
   Step 5 ok! Spent Time: 2.683s
   USB Task Finished! Spent Time: 17.394s
   Device is Pullouted.

< 17-09-11 11:36:11 >==============================================
Device is Inserted On Driver : [Hub1 Port8] [VER:0, SN:6&f6aa9cd&0#{53f]
   Begin the USB Task...
   Step 1 disable...
   Begin Step 2... Action: Write, Chip: RAM, Address: 0xF8002000, File: F:\work\item\7673\v001\program\Tools\G+CodePacker 1.0.9 Patch 001\USBMassProductionTool/code/gp15b_ispbin.bin
   Step 2 - Start Time : 2017/09/11 AM 11:36:19:615
   Step 2 - End Time : 2017/09/11 AM 11:36:19:622
   Step 2 ok! Spent Time: 0.16s
   Begin Step 3... Action: Jump to Function, Chip: RAM, Address: 0xF8002000
   Step 3 - Start Time : 2017/09/11 AM 11:36:19:622
   Step 3 - End Time : 2017/09/11 AM 11:36:19:623
   Step 3 ok! Spent Time: 0.0s
   Begin Step 4... Action: Erase, Chip: SPI Nor Flash, Address: 0x0000, Length: 40
   Step 4 - Start Time : 2017/09/11 AM 11:36:19:623
   Step 4 - End Time : 2017/09/11 AM 11:36:36:728
   Step 4 ok! Spent Time: 17.98s
   Begin Step 5... Action: Write, Chip: SPI Nor Flash, Address: 0x0000, File: F:\work\item\7673\v001\program\Tools/gpcv1248_spifc_pack_/cb_result.bin
   Step 5 - Start Time : 2017/09/11 AM 11:36:36:728
   Step 5 - End Time : 2017/09/11 AM 11:36:39:405
   Step 5 ok! Spent Time: 2.683s
   USB Task Finished! Spent Time: 19.797s
   Device is Pullouted.

< 17-09-11 11:42:00 >==============================================
Device is Inserted On Driver : [Hub1 Port8] [VER:0, SN:6&f6aa9cd&0#{53f]
   Begin the USB Task...
   Step 1 disable...
   Begin Step 2... Action: Write, Chip: RAM, Address: 0xF8002000, File: F:\work\item\7673\v001\program\Tools\G+CodePacker 1.0.9 Patch 001\USBMassProductionTool/code/gp15b_ispbin.bin
   Step 2 - Start Time : 2017/09/11 AM 11:42:04:55
   Step 2 - End Time : 2017/09/11 AM 11:42:04:62
   Step 2 ok! Spent Time: 0.0s
   Begin Step 3... Action: Jump to Function, Chip: RAM, Address: 0xF8002000
   Step 3 - Start Time : 2017/09/11 AM 11:42:04:62
   Step 3 - End Time : 2017/09/11 AM 11:42:04:63
   Step 3 ok! Spent Time: 0.0s
   Begin Step 4... Action: Erase, Chip: SPI Nor Flash, Address: 0x0000, Length: 40
   Step 4 - Start Time : 2017/09/11 AM 11:42:04:63
   Step 4 - End Time : 2017/09/11 AM 11:42:18:704
   Step 4 ok! Spent Time: 14.648s
   Begin Step 5... Action: Write, Chip: SPI Nor Flash, Address: 0x0000, File: F:\work\item\7673\v001\program\Tools/gpcv1248_spifc_pack_/cb_result.bin
   Step 5 - Start Time : 2017/09/11 AM 11:42:18:705
   Step 5 - End Time : 2017/09/11 AM 11:42:21:322
   Step 5 ok! Spent Time: 2.621s
   USB Task Finished! Spent Time: 17.269s
   Device is Pullouted.

< 17-09-11 11:45:25 >==============================================
Device is Inserted On Driver : [Hub1 Port8] [VER:0, SN:6&36182d3c&0#{53]
   Device is Pullouted.

< 17-09-11 11:52:20 >==============================================
Device is Inserted On Driver : [Hub1 Port8] [VER:0, SN:6&36182d3c&0#{53]
   Device is Pullouted.

< 17-09-11 11:52:47 >==============================================
Device is Inserted On Driver : [Hub1 Port8] [VER:0, SN:6&36182d3c&0#{53]
   Device is Pullouted.

< 17-09-11 13:53:09 >==============================================
Device is Inserted On Driver : [Hub1 Port8] [VER:0, SN:6&f6aa9cd&0#{53f]
   Begin the USB Task...
   Step 1 disable...
   Begin Step 2... Action: Write, Chip: RAM, Address: 0xF8002000, File: F:\work\item\7673\v001\program\Tools\G+CodePacker 1.0.9 Patch 001\USBMassProductionTool/code/gp15b_ispbin.bin
   Step 2 - Start Time : 2017/09/11 PM 01:53:19:297
   Step 2 - End Time : 2017/09/11 PM 01:53:19:303
   Step 2 ok! Spent Time: 0.0s
   Begin Step 3... Action: Jump to Function, Chip: RAM, Address: 0xF8002000
   Step 3 - Start Time : 2017/09/11 PM 01:53:19:304
   Step 3 - End Time : 2017/09/11 PM 01:53:19:304
   Step 3 ok! Spent Time: 0.0s
   Begin Step 4... Action: Erase, Chip: SPI Nor Flash, Address: 0x0000, Length: 40
   Step 4 - Start Time : 2017/09/11 PM 01:53:19:304
   Step 4 - End Time : 2017/09/11 PM 01:53:34:296
   Step 4 ok! Spent Time: 14.992s
   Begin Step 5... Action: Write, Chip: SPI Nor Flash, Address: 0x0000, File: F:\work\item\7673\v001\program\Tools/gpcv1248_spifc_pack_/cb_result.bin
   Step 5 - Start Time : 2017/09/11 PM 01:53:34:297
   Step 5 - End Time : 2017/09/11 PM 01:53:36:981
   Step 5 ok! Spent Time: 2.683s
   USB Task Finished! Spent Time: 17.675s
   Device is Pullouted.

< 17-09-11 14:04:40 >==============================================
Device is Inserted On Driver : [Hub1 Port8] [VER:0, SN:6&f6aa9cd&0#{53f]
   Begin the USB Task...
   Step 1 disable...
   Begin Step 2... Action: Write, Chip: RAM, Address: 0xF8002000, File: F:\work\item\7673\v001\program\Tools\G+CodePacker 1.0.9 Patch 001\USBMassProductionTool/code/gp15b_ispbin.bin
   Step 2 - Start Time : 2017/09/11 PM 02:04:44:766
   Step 2 - End Time : 2017/09/11 PM 02:04:44:773
   Step 2 ok! Spent Time: 0.0s
   Begin Step 3... Action: Jump to Function, Chip: RAM, Address: 0xF8002000
   Step 3 - Start Time : 2017/09/11 PM 02:04:44:774
   Step 3 - End Time : 2017/09/11 PM 02:04:44:774
   Step 3 ok! Spent Time: 0.0s
   Begin Step 4... Action: Erase, Chip: SPI Nor Flash, Address: 0x0000, Length: 40
   Step 4 - Start Time : 2017/09/11 PM 02:04:44:774
   Step 4 - End Time : 2017/09/11 PM 02:05:00:372
   Step 4 ok! Spent Time: 15.601s
   Begin Step 5... Action: Write, Chip: SPI Nor Flash, Address: 0x0000, File: F:\work\item\7673\v001\program\Tools/gpcv1248_spifc_pack_/cb_result.bin
   Step 5 - Start Time : 2017/09/11 PM 02:05:00:372
   Step 5 - End Time : 2017/09/11 PM 02:05:03:20
   Step 5 ok! Spent Time: 2.652s
   USB Task Finished! Spent Time: 18.253s
   Device is Pullouted.

< 17-09-11 14:05:57 >==============================================
Device is Inserted On Driver : [Hub1 Port8] [VER:0, SN:6&36182d3c&0#{53]
   Device is Pullouted.

< 17-09-11 14:06:26 >==============================================
Device is Inserted On Driver : [Hub1 Port8] [VER:0, SN:6&36182d3c&0#{53]
   Device is Pullouted.

< 17-09-11 14:17:11 >==============================================
Device is Inserted On Driver : [Hub1 Port8] [VER:0, SN:6&36182d3c&0#{53]
   Device is Pullouted.

< 17-09-11 14:24:02 >==============================================
Device is Inserted On Driver : [Hub1 Port8] [VER:0, SN:6&f6aa9cd&0#{53f]
   Begin the USB Task...
   Step 1 disable...
   Begin Step 2... Action: Write, Chip: RAM, Address: 0xF8002000, File: F:\work\item\7673\v001\program\Tools\G+CodePacker 1.0.9 Patch 001\USBMassProductionTool/code/gp15b_ispbin.bin
   Step 2 - Start Time : 2017/09/11 PM 02:24:07:450
   Step 2 - End Time : 2017/09/11 PM 02:24:07:457
   Step 2 ok! Spent Time: 0.16s
   Begin Step 3... Action: Jump to Function, Chip: RAM, Address: 0xF8002000
   Step 3 - Start Time : 2017/09/11 PM 02:24:07:457
   Step 3 - End Time : 2017/09/11 PM 02:24:07:458
   Step 3 ok! Spent Time: 0.0s
   Begin Step 4... Action: Erase, Chip: SPI Nor Flash, Address: 0x0000, Length: 40
   Step 4 - Start Time : 2017/09/11 PM 02:24:07:458
   Step 4 - End Time : 2017/09/11 PM 02:24:21:732
   Step 4 ok! Spent Time: 14.274s
   Begin Step 5... Action: Write, Chip: SPI Nor Flash, Address: 0x0000, File: F:\work\item\7673\v001\program\Tools/gpcv1248_spifc_pack_/cb_result.bin
   Step 5 - Start Time : 2017/09/11 PM 02:24:21:732
   Step 5 - End Time : 2017/09/11 PM 02:24:24:390
   Step 5 ok! Spent Time: 2.652s
   USB Task Finished! Spent Time: 16.942s
   Device is Pullouted.

< 17-09-11 15:01:49 >==============================================
Device is Inserted On Driver : [Hub1 Port8] [VER:0, SN:6&f6aa9cd&0#{53f]
   Begin the USB Task...
   Step 1 disable...
   Begin Step 2... Action: Write, Chip: RAM, Address: 0xF8002000, File: F:\work\item\7673\v001\program\Tools\G+CodePacker 1.0.9 Patch 001\USBMassProductionTool/code/gp15b_ispbin.bin
   Step 2 - Start Time : 2017/09/11 PM 03:01:53:749
   Step 2 - End Time : 2017/09/11 PM 03:01:53:756
   Step 2 ok! Spent Time: 0.0s
   Begin Step 3... Action: Jump to Function, Chip: RAM, Address: 0xF8002000
   Step 3 - Start Time : 2017/09/11 PM 03:01:53:756
   Step 3 - End Time : 2017/09/11 PM 03:01:53:757
   Step 3 ok! Spent Time: 0.0s
   Begin Step 4... Action: Erase, Chip: SPI Nor Flash, Address: 0x0000, Length: 40
   Step 4 - Start Time : 2017/09/11 PM 03:01:53:757
   Step 4 - End Time : 2017/09/11 PM 03:02:09:405
   Step 4 ok! Spent Time: 15.663s
   Begin Step 5... Action: Write, Chip: SPI Nor Flash, Address: 0x0000, File: F:\work\item\7673\v001\program\Tools/gpcv1248_spifc_pack_/cb_result.bin
   Step 5 - Start Time : 2017/09/11 PM 03:02:09:405
   Step 5 - End Time : 2017/09/11 PM 03:02:12:60
   Step 5 ok! Spent Time: 2.652s
   USB Task Finished! Spent Time: 18.315s
   Device is Pullouted.

< 17-09-11 15:02:25 >==============================================
Device is Inserted On Driver : [Hub1 Port8] [VER:0, SN:6&36182d3c&0#{53]
   Device is Pullouted.

< 17-09-11 15:07:53 >==============================================
Device is Inserted On Driver : [Hub1 Port8] [VER:0, SN:6&f6aa9cd&0#{53f]
   Begin the USB Task...
   Step 1 disable...
   Begin Step 2... Action: Write, Chip: RAM, Address: 0xF8002000, File: F:\work\item\7673\v001\program\Tools\G+CodePacker 1.0.9 Patch 001\USBMassProductionTool/code/gp15b_ispbin.bin
   Step 2 - Start Time : 2017/09/11 PM 03:07:57:131
   Step 2 - End Time : 2017/09/11 PM 03:07:57:137
   Step 2 ok! Spent Time: 0.0s
   Begin Step 3... Action: Jump to Function, Chip: RAM, Address: 0xF8002000
   Step 3 - Start Time : 2017/09/11 PM 03:07:57:138
   Step 3 - End Time : 2017/09/11 PM 03:07:57:138
   Step 3 ok! Spent Time: 0.0s
   Begin Step 4... Action: Erase, Chip: SPI Nor Flash, Address: 0x0000, Length: 40
   Step 4 - Start Time : 2017/09/11 PM 03:07:57:138
   Step 4 - End Time : 2017/09/11 PM 03:08:12:114
   Step 4 ok! Spent Time: 14.976s
   Begin Step 5... Action: Write, Chip: SPI Nor Flash, Address: 0x0000, File: F:\work\item\7673\v001\program\Tools/gpcv1248_spifc_pack_/cb_result.bin
   Step 5 - Start Time : 2017/09/11 PM 03:08:12:114
   Step 5 - End Time : 2017/09/11 PM 03:08:14:777
   Step 5 ok! Spent Time: 2.668s
   USB Task Finished! Spent Time: 17.659s
   Device is Pullouted.

< 17-09-11 15:08:52 >==============================================
Device is Inserted On Driver : [Hub1 Port8] [VER:0, SN:6&36182d3c&0#{53]
   Device is Pullouted.

< 17-09-11 15:37:41 >==============================================
Device is Inserted On Driver : [Hub1 Port8] [VER:0, SN:6&f6aa9cd&0#{53f]
   Begin the USB Task...
   Step 1 disable...
   Begin Step 2... Action: Write, Chip: RAM, Address: 0xF8002000, File: F:\work\item\7673\v001\program\Tools\G+CodePacker 1.0.9 Patch 001\USBMassProductionTool/code/gp15b_ispbin.bin
   Step 2 - Start Time : 2017/09/11 PM 03:37:46:530
   Step 2 - End Time : 2017/09/11 PM 03:37:46:537
   Step 2 ok! Spent Time: 0.0s
   Begin Step 3... Action: Jump to Function, Chip: RAM, Address: 0xF8002000
   Step 3 - Start Time : 2017/09/11 PM 03:37:46:537
   Step 3 - End Time : 2017/09/11 PM 03:37:46:537
   Step 3 ok! Spent Time: 0.0s
   Begin Step 4... Action: Erase, Chip: SPI Nor Flash, Address: 0x0000, Length: 40
   Step 4 - Start Time : 2017/09/11 PM 03:37:46:538
   Step 4 - End Time : 2017/09/11 PM 03:38:01:786
   Step 4 ok! Spent Time: 15.257s
   Begin Step 5... Action: Write, Chip: SPI Nor Flash, Address: 0x0000, File: F:\work\item\7673\v001\program\Tools/gpcv1248_spifc_pack_/cb_result.bin
   Step 5 - Start Time : 2017/09/11 PM 03:38:01:787
   Step 5 - End Time : 2017/09/11 PM 03:38:04:446
   Step 5 ok! Spent Time: 2.652s
   USB Task Finished! Spent Time: 17.909s
   Device is Pullouted.

< 17-09-11 16:13:17 >==============================================
Device is Inserted On Driver : [Hub1 Port8] [VER:0, SN:6&f6aa9cd&0#{53f]
   Begin the USB Task...
   Step 1 disable...
   Begin Step 2... Action: Write, Chip: RAM, Address: 0xF8002000, File: F:\work\item\7673\v001\program\Tools\G+CodePacker 1.0.9 Patch 001\USBMassProductionTool/code/gp15b_ispbin.bin
   Step 2 - Start Time : 2017/09/11 PM 04:13:21:247
   Step 2 - End Time : 2017/09/11 PM 04:13:21:254
   Step 2 ok! Spent Time: 0.0s
   Begin Step 3... Action: Jump to Function, Chip: RAM, Address: 0xF8002000
   Step 3 - Start Time : 2017/09/11 PM 04:13:21:254
   Step 3 - End Time : 2017/09/11 PM 04:13:21:255
   Step 3 ok! Spent Time: 0.0s
   Begin Step 4... Action: Erase, Chip: SPI Nor Flash, Address: 0x0000, Length: 40
   Step 4 - Start Time : 2017/09/11 PM 04:13:21:255
   Step 4 - End Time : 2017/09/11 PM 04:13:36:331
   Step 4 ok! Spent Time: 15.85s
   Begin Step 5... Action: Write, Chip: SPI Nor Flash, Address: 0x0000, File: F:\work\item\7673\v001\program\Tools/gpcv1248_spifc_pack_/cb_result.bin
   Step 5 - Start Time : 2017/09/11 PM 04:13:36:331
   Step 5 - End Time : 2017/09/11 PM 04:13:38:990
   Step 5 ok! Spent Time: 2.652s
   USB Task Finished! Spent Time: 17.737s
   Device is Pullouted.
