
< 17-09-09 10:41:52 >==============================================
Device is Inserted On Driver : [Hub1 Port8] [VER:0, SN:6&f6aa9cd&0#{53f]
   Begin the USB Task...
   Step 1 disable...
   Begin Step 2... Action: Write, Chip: RAM, Address: 0xF8002000, File: F:\work\item\7673\v001\program\Tools\G+CodePacker 1.0.9 Patch 001\USBMassProductionTool/code/gp15b_ispbin.bin
   Step 2 - Start Time : 2017/09/09 AM 10:41:55:68
   Step 2 - End Time : 2017/09/09 AM 10:41:55:76
   Step 2 ok! Spent Time: 0.16s
   Begin Step 3... Action: Jump to Function, Chip: RAM, Address: 0xF8002000
   Step 3 - Start Time : 2017/09/09 AM 10:41:55:77
   Step 3 - End Time : 2017/09/09 AM 10:41:55:77
   Step 3 ok! Spent Time: 0.0s
   Begin Step 4... Action: Erase, Chip: SPI Nor Flash, Address: 0x0000, Length: 40
   Step 4 - Start Time : 2017/09/09 AM 10:41:55:77
   Step 4 - End Time : 2017/09/09 AM 10:42:10:239
   Step 4 ok! Spent Time: 15.163s
   Begin Step 5... Action: Write, Chip: SPI Nor Flash, Address: 0x0000, File: F:\work\item\7673\v001\program\Tools/gpcv1248_spifc_pack_/cb_result.bin
   Step 5 - Start Time : 2017/09/09 AM 10:42:10:241
   Step 5 - End Time : 2017/09/09 AM 10:42:12:816
   Step 5 ok! Spent Time: 2.574s
   USB Task Finished! Spent Time: 17.753s
   Device is Pullouted.

< 17-09-09 11:18:55 >==============================================
Device is Inserted On Driver : [Hub1 Port8] [VER:0, SN:6&f6aa9cd&0#{53f]
   Begin the USB Task...
   Step 1 disable...
   Begin Step 2... Action: Write, Chip: RAM, Address: 0xF8002000, File: F:\work\item\7673\v001\program\Tools\G+CodePacker 1.0.9 Patch 001\USBMassProductionTool/code/gp15b_ispbin.bin
   Step 2 - Start Time : 2017/09/09 AM 11:19:00:663
   Step 2 - End Time : 2017/09/09 AM 11:19:00:669
   Step 2 ok! Spent Time: 0.0s
   Begin Step 3... Action: Jump to Function, Chip: RAM, Address: 0xF8002000
   Step 3 - Start Time : 2017/09/09 AM 11:19:00:669
   Step 3 - End Time : 2017/09/09 AM 11:19:00:670
   Step 3 ok! Spent Time: 0.0s
   Begin Step 4... Action: Erase, Chip: SPI Nor Flash, Address: 0x0000, Length: 40
   Step 4 - Start Time : 2017/09/09 AM 11:19:00:670
   Step 4 - End Time : 2017/09/09 AM 11:19:15:515
   Step 4 ok! Spent Time: 14.852s
   Begin Step 5... Action: Write, Chip: SPI Nor Flash, Address: 0x0000, File: F:\work\item\7673\v001\program\Tools/gpcv1248_spifc_pack_/cb_result.bin
   Step 5 - Start Time : 2017/09/09 AM 11:19:15:515
   Step 5 - End Time : 2017/09/09 AM 11:19:18:96
   Step 5 ok! Spent Time: 2.574s
   USB Task Finished! Spent Time: 17.426s
   Device is Pullouted.

< 17-09-09 11:22:31 >==============================================
Device is Inserted On Driver : [Hub1 Port8] [VER:0, SN:6&f6aa9cd&0#{53f]
   Begin the USB Task...
   Step 1 disable...
   Begin Step 2... Action: Write, Chip: RAM, Address: 0xF8002000, File: F:\work\item\7673\v001\program\Tools\G+CodePacker 1.0.9 Patch 001\USBMassProductionTool/code/gp15b_ispbin.bin
   Step 2 - Start Time : 2017/09/09 AM 11:22:35:219
   Step 2 - End Time : 2017/09/09 AM 11:22:35:226
   Step 2 ok! Spent Time: 0.0s
   Begin Step 3... Action: Jump to Function, Chip: RAM, Address: 0xF8002000
   Step 3 - Start Time : 2017/09/09 AM 11:22:35:226
   Step 3 - End Time : 2017/09/09 AM 11:22:35:227
   Step 3 ok! Spent Time: 0.16s
   Begin Step 4... Action: Erase, Chip: SPI Nor Flash, Address: 0x0000, Length: 40
   Step 4 - Start Time : 2017/09/09 AM 11:22:35:227
   Step 4 - End Time : 2017/09/09 AM 11:22:49:973
   Step 4 ok! Spent Time: 14.742s
   Begin Step 5... Action: Write, Chip: SPI Nor Flash, Address: 0x0000, File: F:\work\item\7673\v001\program\Tools/gpcv1248_spifc_pack_/cb_result.bin
   Step 5 - Start Time : 2017/09/09 AM 11:22:49:974
   Step 5 - End Time : 2017/09/09 AM 11:22:52:552
   Step 5 ok! Spent Time: 2.574s
   USB Task Finished! Spent Time: 17.332s
   Device is Pullouted.

< 17-09-09 11:24:53 >==============================================
Device is Inserted On Driver : [Hub1 Port8] [VER:0, SN:6&f6aa9cd&0#{53f]
   Begin the USB Task...
   Step 1 disable...
   Begin Step 2... Action: Write, Chip: RAM, Address: 0xF8002000, File: F:\work\item\7673\v001\program\Tools\G+CodePacker 1.0.9 Patch 001\USBMassProductionTool/code/gp15b_ispbin.bin
   Step 2 - Start Time : 2017/09/09 AM 11:24:56:408
   Step 2 - End Time : 2017/09/09 AM 11:24:56:415
   Step 2 ok! Spent Time: 0.0s
   Begin Step 3... Action: Jump to Function, Chip: RAM, Address: 0xF8002000
   Step 3 - Start Time : 2017/09/09 AM 11:24:56:417
   Step 3 - End Time : 2017/09/09 AM 11:24:56:417
   Step 3 ok! Spent Time: 0.0s
   Begin Step 4... Action: Erase, Chip: SPI Nor Flash, Address: 0x0000, Length: 40
   Step 4 - Start Time : 2017/09/09 AM 11:24:56:418
   Step 4 - End Time : 2017/09/09 AM 11:25:11:394
   Step 4 ok! Spent Time: 14.976s
   Begin Step 5... Action: Write, Chip: SPI Nor Flash, Address: 0x0000, File: F:\work\item\7673\v001\program\Tools/gpcv1248_spifc_pack_/cb_result.bin
   Step 5 - Start Time : 2017/09/09 AM 11:25:11:395
   Step 5 - End Time : 2017/09/09 AM 11:25:13:962
   Step 5 ok! Spent Time: 2.574s
   USB Task Finished! Spent Time: 17.566s
   Device is Pullouted.

< 17-09-09 13:38:27 >==============================================
Device is Inserted On Driver : [Hub1 Port8] [VER:0, SN:6&f6aa9cd&0#{53f]
   Begin the USB Task...
   Step 1 disable...
   Begin Step 2... Action: Write, Chip: RAM, Address: 0xF8002000, File: F:\work\item\7673\v001\program\Tools\G+CodePacker 1.0.9 Patch 001\USBMassProductionTool/code/gp15b_ispbin.bin
   Step 2 - Start Time : 2017/09/09 PM 01:38:30:587
   Step 2 - End Time : 2017/09/09 PM 01:38:30:594
   Step 2 ok! Spent Time: 0.0s
   Begin Step 3... Action: Jump to Function, Chip: RAM, Address: 0xF8002000
   Step 3 - Start Time : 2017/09/09 PM 01:38:30:594
   Step 3 - End Time : 2017/09/09 PM 01:38:30:594
   Step 3 ok! Spent Time: 0.0s
   Begin Step 4... Action: Erase, Chip: SPI Nor Flash, Address: 0x0000, Length: 40
   Step 4 - Start Time : 2017/09/09 PM 01:38:30:595
   Step 4 - End Time : 2017/09/09 PM 01:38:45:61
   Step 4 ok! Spent Time: 14.477s
   Begin Step 5... Action: Write, Chip: SPI Nor Flash, Address: 0x0000, File: F:\work\item\7673\v001\program\Tools/gpcv1248_spifc_pack_/cb_result.bin
   Step 5 - Start Time : 2017/09/09 PM 01:38:45:62
   Step 5 - End Time : 2017/09/09 PM 01:38:47:597
   Step 5 ok! Spent Time: 2.527s
   USB Task Finished! Spent Time: 17.4s
   Device is Pullouted.

< 17-09-09 14:01:20 >==============================================
Device is Inserted On Driver : [Hub1 Port8] [VER:0, SN:6&f6aa9cd&0#{53f]
   Begin the USB Task...
   Step 1 disable...
   Begin Step 2... Action: Write, Chip: RAM, Address: 0xF8002000, File: F:\work\item\7673\v001\program\Tools\G+CodePacker 1.0.9 Patch 001\USBMassProductionTool/code/gp15b_ispbin.bin
   Step 2 - Start Time : 2017/09/09 PM 02:01:22:878
   Step 2 - End Time : 2017/09/09 PM 02:01:22:885
   Step 2 ok! Spent Time: 0.0s
   Begin Step 3... Action: Jump to Function, Chip: RAM, Address: 0xF8002000
   Step 3 - Start Time : 2017/09/09 PM 02:01:22:885
   Step 3 - End Time : 2017/09/09 PM 02:01:22:885
   Step 3 ok! Spent Time: 0.0s
   Begin Step 4... Action: Erase, Chip: SPI Nor Flash, Address: 0x0000, Length: 40
   Step 4 - Start Time : 2017/09/09 PM 02:01:22:886
   Step 4 - End Time : 2017/09/09 PM 02:01:38:125
   Step 4 ok! Spent Time: 15.241s
   Begin Step 5... Action: Write, Chip: SPI Nor Flash, Address: 0x0000, File: F:\work\item\7673\v001\program\Tools/gpcv1248_spifc_pack_/cb_result.bin
   Step 5 - Start Time : 2017/09/09 PM 02:01:38:126
   Step 5 - End Time : 2017/09/09 PM 02:01:40:696
   Step 5 ok! Spent Time: 2.574s
   USB Task Finished! Spent Time: 17.815s
   Device is Pullouted.

< 17-09-09 14:10:47 >==============================================
Device is Inserted On Driver : [Hub1 Port8] [VER:0, SN:6&f6aa9cd&0#{53f]
   Begin the USB Task...
   Step 1 disable...
   Begin Step 2... Action: Write, Chip: RAM, Address: 0xF8002000, File: F:\work\item\7673\v001\program\Tools\G+CodePacker 1.0.9 Patch 001\USBMassProductionTool/code/gp15b_ispbin.bin
   Step 2 - Start Time : 2017/09/09 PM 02:10:50:947
   Step 2 - End Time : 2017/09/09 PM 02:10:50:954
   Step 2 ok! Spent Time: 0.0s
   Begin Step 3... Action: Jump to Function, Chip: RAM, Address: 0xF8002000
   Step 3 - Start Time : 2017/09/09 PM 02:10:50:954
   Step 3 - End Time : 2017/09/09 PM 02:10:50:955
   Step 3 ok! Spent Time: 0.0s
   Begin Step 4... Action: Erase, Chip: SPI Nor Flash, Address: 0x0000, Length: 40
   Step 4 - Start Time : 2017/09/09 PM 02:10:50:955
   Step 4 - End Time : 2017/09/09 PM 02:11:05:908
   Step 4 ok! Spent Time: 14.960s
   Begin Step 5... Action: Write, Chip: SPI Nor Flash, Address: 0x0000, File: F:\work\item\7673\v001\program\Tools/gpcv1248_spifc_pack_/cb_result.bin
   Step 5 - Start Time : 2017/09/09 PM 02:11:05:908
   Step 5 - End Time : 2017/09/09 PM 02:11:08:486
   Step 5 ok! Spent Time: 2.574s
   USB Task Finished! Spent Time: 17.534s
   Device is Pullouted.

< 17-09-09 14:12:55 >==============================================
Device is Inserted On Driver : [Hub1 Port8] [VER:0, SN:6&f6aa9cd&0#{53f]
   Begin the USB Task...
   Step 1 disable...
   Begin Step 2... Action: Write, Chip: RAM, Address: 0xF8002000, File: F:\work\item\7673\v001\program\Tools\G+CodePacker 1.0.9 Patch 001\USBMassProductionTool/code/gp15b_ispbin.bin
   Step 2 - Start Time : 2017/09/09 PM 02:12:58:539
   Step 2 - End Time : 2017/09/09 PM 02:12:58:545
   Step 2 ok! Spent Time: 0.0s
   Begin Step 3... Action: Jump to Function, Chip: RAM, Address: 0xF8002000
   Step 3 - Start Time : 2017/09/09 PM 02:12:58:545
   Step 3 - End Time : 2017/09/09 PM 02:12:58:546
   Step 3 ok! Spent Time: 0.0s
   Begin Step 4... Action: Erase, Chip: SPI Nor Flash, Address: 0x0000, Length: 40
   Step 4 - Start Time : 2017/09/09 PM 02:12:58:546
   Step 4 - End Time : 2017/09/09 PM 02:13:13:539
   Step 4 ok! Spent Time: 14.992s
   Begin Step 5... Action: Write, Chip: SPI Nor Flash, Address: 0x0000, File: F:\work\item\7673\v001\program\Tools/gpcv1248_spifc_pack_/cb_result.bin
   Step 5 - Start Time : 2017/09/09 PM 02:13:13:539
   Step 5 - End Time : 2017/09/09 PM 02:13:16:130
   Step 5 ok! Spent Time: 2.589s
   USB Task Finished! Spent Time: 17.581s
   Device is Pullouted.

< 17-09-09 14:28:57 >==============================================
Device is Inserted On Driver : [Hub1 Port8] [VER:0, SN:6&f6aa9cd&0#{53f]
   Begin the USB Task...
   Step 1 disable...
   Begin Step 2... Action: Write, Chip: RAM, Address: 0xF8002000, File: F:\work\item\7673\v001\program\Tools\G+CodePacker 1.0.9 Patch 001\USBMassProductionTool/code/gp15b_ispbin.bin
   Step 2 - Start Time : 2017/09/09 PM 02:29:01:04
   Step 2 - End Time : 2017/09/09 PM 02:29:01:11
   Step 2 ok! Spent Time: 0.0s
   Begin Step 3... Action: Jump to Function, Chip: RAM, Address: 0xF8002000
   Step 3 - Start Time : 2017/09/09 PM 02:29:01:11
   Step 3 - End Time : 2017/09/09 PM 02:29:01:12
   Step 3 ok! Spent Time: 0.0s
   Begin Step 4... Action: Erase, Chip: SPI Nor Flash, Address: 0x0000, Length: 40
   Step 4 - Start Time : 2017/09/09 PM 02:29:01:12
   Step 4 - End Time : 2017/09/09 PM 02:29:16:259
   Step 4 ok! Spent Time: 15.257s
   Begin Step 5... Action: Write, Chip: SPI Nor Flash, Address: 0x0000, File: F:\work\item\7673\v001\program\Tools/gpcv1248_spifc_pack_/cb_result.bin
   Step 5 - Start Time : 2017/09/09 PM 02:29:16:259
   Step 5 - End Time : 2017/09/09 PM 02:29:18:848
   Step 5 ok! Spent Time: 2.589s
   USB Task Finished! Spent Time: 17.846s
   Device is Pullouted.

< 17-09-09 14:32:53 >==============================================
Device is Inserted On Driver : [Hub1 Port8] [VER:0, SN:6&f6aa9cd&0#{53f]
   Begin the USB Task...
   Step 1 disable...
   Begin Step 2... Action: Write, Chip: RAM, Address: 0xF8002000, File: F:\work\item\7673\v001\program\Tools\G+CodePacker 1.0.9 Patch 001\USBMassProductionTool/code/gp15b_ispbin.bin
   Step 2 - Start Time : 2017/09/09 PM 02:32:57:186
   Step 2 - End Time : 2017/09/09 PM 02:32:57:193
   Step 2 ok! Spent Time: 0.0s
   Begin Step 3... Action: Jump to Function, Chip: RAM, Address: 0xF8002000
   Step 3 - Start Time : 2017/09/09 PM 02:32:57:193
   Step 3 - End Time : 2017/09/09 PM 02:32:57:194
   Step 3 ok! Spent Time: 0.0s
   Begin Step 4... Action: Erase, Chip: SPI Nor Flash, Address: 0x0000, Length: 40
   Step 4 - Start Time : 2017/09/09 PM 02:32:57:194
   Step 4 - End Time : 2017/09/09 PM 02:33:11:758
   Step 4 ok! Spent Time: 14.571s
   Begin Step 5... Action: Write, Chip: SPI Nor Flash, Address: 0x0000, File: F:\work\item\7673\v001\program\Tools/gpcv1248_spifc_pack_/cb_result.bin
   Step 5 - Start Time : 2017/09/09 PM 02:33:11:758
   Step 5 - End Time : 2017/09/09 PM 02:33:14:303
   Step 5 ok! Spent Time: 2.543s
   USB Task Finished! Spent Time: 17.114s
   Device is Pullouted.

< 17-09-09 14:36:26 >==============================================
Device is Inserted On Driver : [Hub1 Port8] [VER:0, SN:6&f6aa9cd&0#{53f]
   Begin the USB Task...
   Step 1 disable...
   Begin Step 2... Action: Write, Chip: RAM, Address: 0xF8002000, File: F:\work\item\7673\v001\program\Tools\G+CodePacker 1.0.9 Patch 001\USBMassProductionTool/code/gp15b_ispbin.bin
   Step 2 - Start Time : 2017/09/09 PM 02:36:30:150
   Step 2 - End Time : 2017/09/09 PM 02:36:30:157
   Step 2 ok! Spent Time: 0.16s
   Begin Step 3... Action: Jump to Function, Chip: RAM, Address: 0xF8002000
   Step 3 - Start Time : 2017/09/09 PM 02:36:30:157
   Step 3 - End Time : 2017/09/09 PM 02:36:30:158
   Step 3 ok! Spent Time: 0.0s
   Begin Step 4... Action: Erase, Chip: SPI Nor Flash, Address: 0x0000, Length: 40
   Step 4 - Start Time : 2017/09/09 PM 02:36:30:158
   Step 4 - End Time : 2017/09/09 PM 02:36:45:402
   Step 4 ok! Spent Time: 15.241s
   Begin Step 5... Action: Write, Chip: SPI Nor Flash, Address: 0x0000, File: F:\work\item\7673\v001\program\Tools/gpcv1248_spifc_pack_/cb_result.bin
   Step 5 - Start Time : 2017/09/09 PM 02:36:45:402
   Step 5 - End Time : 2017/09/09 PM 02:36:47:990
   Step 5 ok! Spent Time: 2.590s
   USB Task Finished! Spent Time: 17.847s
   Device is Pullouted.

< 17-09-09 14:40:02 >==============================================
Device is Inserted On Driver : [Hub1 Port8] [VER:0, SN:6&f6aa9cd&0#{53f]
   Begin the USB Task...
   Step 1 disable...
   Begin Step 2... Action: Write, Chip: RAM, Address: 0xF8002000, File: F:\work\item\7673\v001\program\Tools\G+CodePacker 1.0.9 Patch 001\USBMassProductionTool/code/gp15b_ispbin.bin
   Step 2 - Start Time : 2017/09/09 PM 02:40:06:56
   Step 2 - End Time : 2017/09/09 PM 02:40:06:64
   Step 2 ok! Spent Time: 0.15s
   Begin Step 3... Action: Jump to Function, Chip: RAM, Address: 0xF8002000
   Step 3 - Start Time : 2017/09/09 PM 02:40:06:65
   Step 3 - End Time : 2017/09/09 PM 02:40:06:66
   Step 3 ok! Spent Time: 0.0s
   Begin Step 4... Action: Erase, Chip: SPI Nor Flash, Address: 0x0000, Length: 40
   Step 4 - Start Time : 2017/09/09 PM 02:40:06:66
   Step 4 - End Time : 2017/09/09 PM 02:40:21:121
   Step 4 ok! Spent Time: 15.54s
   Begin Step 5... Action: Write, Chip: SPI Nor Flash, Address: 0x0000, File: F:\work\item\7673\v001\program\Tools/gpcv1248_spifc_pack_/cb_result.bin
   Step 5 - Start Time : 2017/09/09 PM 02:40:21:121
   Step 5 - End Time : 2017/09/09 PM 02:40:23:709
   Step 5 ok! Spent Time: 2.590s
   USB Task Finished! Spent Time: 17.659s
   Device is Pullouted.

< 17-09-09 14:44:58 >==============================================
Device is Inserted On Driver : [Hub1 Port8] [VER:0, SN:6&f6aa9cd&0#{53f]
   Begin the USB Task...
   Step 1 disable...
   Begin Step 2... Action: Write, Chip: RAM, Address: 0xF8002000, File: F:\work\item\7673\v001\program\Tools\G+CodePacker 1.0.9 Patch 001\USBMassProductionTool/code/gp15b_ispbin.bin
   Step 2 - Start Time : 2017/09/09 PM 02:45:04:882
   Step 2 - End Time : 2017/09/09 PM 02:45:04:889
   Step 2 ok! Spent Time: 0.0s
   Begin Step 3... Action: Jump to Function, Chip: RAM, Address: 0xF8002000
   Step 3 - Start Time : 2017/09/09 PM 02:45:04:889
   Step 3 - End Time : 2017/09/09 PM 02:45:04:890
   Step 3 ok! Spent Time: 0.0s
   Begin Step 4... Action: Erase, Chip: SPI Nor Flash, Address: 0x0000, Length: 40
   Step 4 - Start Time : 2017/09/09 PM 02:45:04:890
   Step 4 - End Time : 2017/09/09 PM 02:45:23:67
   Step 4 ok! Spent Time: 18.174s
   Begin Step 5... Action: Write, Chip: SPI Nor Flash, Address: 0x0000, File: F:\work\item\7673\v001\program\Tools/gpcv1248_spifc_pack_/cb_result.bin
   Step 5 - Start Time : 2017/09/09 PM 02:45:23:68
   Step 5 - End Time : 2017/09/09 PM 02:45:25:668
   Step 5 ok! Spent Time: 2.606s
   USB Task Finished! Spent Time: 20.795s
   Device is Pullouted.

< 17-09-09 15:18:31 >==============================================
Device is Inserted On Driver : [Hub1 Port8] [VER:0, SN:6&f6aa9cd&0#{53f]
   Begin the USB Task...
   Step 1 disable...
   Begin Step 2... Action: Write, Chip: RAM, Address: 0xF8002000, File: F:\work\item\7673\v001\program\Tools\G+CodePacker 1.0.9 Patch 001\USBMassProductionTool/code/gp15b_ispbin.bin
   Step 2 - Start Time : 2017/09/09 PM 03:18:34:435
   Step 2 - End Time : 2017/09/09 PM 03:18:34:442
   Step 2 ok! Spent Time: 0.15s
   Begin Step 3... Action: Jump to Function, Chip: RAM, Address: 0xF8002000
   Step 3 - Start Time : 2017/09/09 PM 03:18:34:443
   Step 3 - End Time : 2017/09/09 PM 03:18:34:443
   Step 3 ok! Spent Time: 0.0s
   Begin Step 4... Action: Erase, Chip: SPI Nor Flash, Address: 0x0000, Length: 40
   Step 4 - Start Time : 2017/09/09 PM 03:18:34:443
   Step 4 - End Time : 2017/09/09 PM 03:18:49:793
   Step 4 ok! Spent Time: 15.351s
   Begin Step 5... Action: Write, Chip: SPI Nor Flash, Address: 0x0000, File: F:\work\item\7673\v001\program\Tools/gpcv1248_spifc_pack_/cb_result.bin
   Step 5 - Start Time : 2017/09/09 PM 03:18:49:794
   Step 5 - End Time : 2017/09/09 PM 03:18:52:383
   Step 5 ok! Spent Time: 2.590s
   USB Task Finished! Spent Time: 17.956s
   Device is Pullouted.

< 17-09-09 15:24:03 >==============================================
Device is Inserted On Driver : [Hub1 Port8] [VER:0, SN:6&f6aa9cd&0#{53f]
   Begin the USB Task...
   Step 1 disable...
   Begin Step 2... Action: Write, Chip: RAM, Address: 0xF8002000, File: F:\work\item\7673\v001\program\Tools\G+CodePacker 1.0.9 Patch 001\USBMassProductionTool/code/gp15b_ispbin.bin
   Step 2 - Start Time : 2017/09/09 PM 03:24:07:468
   Step 2 - End Time : 2017/09/09 PM 03:24:07:475
   Step 2 ok! Spent Time: 0.15s
   Begin Step 3... Action: Jump to Function, Chip: RAM, Address: 0xF8002000
   Step 3 - Start Time : 2017/09/09 PM 03:24:07:475
   Step 3 - End Time : 2017/09/09 PM 03:24:07:476
   Step 3 ok! Spent Time: 0.0s
   Begin Step 4... Action: Erase, Chip: SPI Nor Flash, Address: 0x0000, Length: 40
   Step 4 - Start Time : 2017/09/09 PM 03:24:07:476
   Step 4 - End Time : 2017/09/09 PM 03:24:22:585
   Step 4 ok! Spent Time: 15.101s
   Begin Step 5... Action: Write, Chip: SPI Nor Flash, Address: 0x0000, File: F:\work\item\7673\v001\program\Tools/gpcv1248_spifc_pack_/cb_result.bin
   Step 5 - Start Time : 2017/09/09 PM 03:24:22:586
   Step 5 - End Time : 2017/09/09 PM 03:24:25:178
   Step 5 ok! Spent Time: 2.589s
   USB Task Finished! Spent Time: 17.721s
   Device is Pullouted.

< 17-09-09 16:02:26 >==============================================
Device is Inserted On Driver : [Hub1 Port8] [VER:0, SN:6&f6aa9cd&0#{53f]
   Begin the USB Task...
   Step 1 disable...
   Begin Step 2... Action: Write, Chip: RAM, Address: 0xF8002000, File: F:\work\item\7673\v001\program\Tools\G+CodePacker 1.0.9 Patch 001\USBMassProductionTool/code/gp15b_ispbin.bin
   Step 2 - Start Time : 2017/09/09 PM 04:02:29:617
   Step 2 - End Time : 2017/09/09 PM 04:02:29:623
   Step 2 ok! Spent Time: 0.16s
   Begin Step 3... Action: Jump to Function, Chip: RAM, Address: 0xF8002000
   Step 3 - Start Time : 2017/09/09 PM 04:02:29:625
   Step 3 - End Time : 2017/09/09 PM 04:02:29:625
   Step 3 ok! Spent Time: 0.0s
   Begin Step 4... Action: Erase, Chip: SPI Nor Flash, Address: 0x0000, Length: 40
   Step 4 - Start Time : 2017/09/09 PM 04:02:29:626
   Step 4 - End Time : 2017/09/09 PM 04:02:44:330
   Step 4 ok! Spent Time: 14.695s
   Begin Step 5... Action: Write, Chip: SPI Nor Flash, Address: 0x0000, File: F:\work\item\7673\v001\program\Tools/gpcv1248_spifc_pack_/cb_result.bin
   Step 5 - Start Time : 2017/09/09 PM 04:02:44:330
   Step 5 - End Time : 2017/09/09 PM 04:02:46:927
   Step 5 ok! Spent Time: 2.605s
   USB Task Finished! Spent Time: 17.316s
   Device is Pullouted.

< 17-09-09 16:04:42 >==============================================
Device is Inserted On Driver : [Hub1 Port8] [VER:0, SN:6&f6aa9cd&0#{53f]
   Begin the USB Task...
   Step 1 disable...
   Begin Step 2... Action: Write, Chip: RAM, Address: 0xF8002000, File: F:\work\item\7673\v001\program\Tools\G+CodePacker 1.0.9 Patch 001\USBMassProductionTool/code/gp15b_ispbin.bin
   Step 2 - Start Time : 2017/09/09 PM 04:04:45:275
   Step 2 - End Time : 2017/09/09 PM 04:04:45:281
   Step 2 ok! Spent Time: 0.0s
   Begin Step 3... Action: Jump to Function, Chip: RAM, Address: 0xF8002000
   Step 3 - Start Time : 2017/09/09 PM 04:04:45:281
   Step 3 - End Time : 2017/09/09 PM 04:04:45:282
   Step 3 ok! Spent Time: 0.15s
   Begin Step 4... Action: Erase, Chip: SPI Nor Flash, Address: 0x0000, Length: 40
   Step 4 - Start Time : 2017/09/09 PM 04:04:45:282
   Step 4 - End Time : 2017/09/09 PM 04:05:00:213
   Step 4 ok! Spent Time: 14.930s
   Begin Step 5... Action: Write, Chip: SPI Nor Flash, Address: 0x0000, File: F:\work\item\7673\v001\program\Tools/gpcv1248_spifc_pack_/cb_result.bin
   Step 5 - Start Time : 2017/09/09 PM 04:05:00:214
   Step 5 - End Time : 2017/09/09 PM 04:05:02:814
   Step 5 ok! Spent Time: 2.589s
   USB Task Finished! Spent Time: 17.534s
   Device is Pullouted.

< 17-09-09 17:58:04 >==============================================
Device is Inserted On Driver : [Hub1 Port8] [VER:0, SN:6&f6aa9cd&0#{53f]
   Begin the USB Task...
   Step 1 disable...
   Begin Step 2... Action: Write, Chip: RAM, Address: 0xF8002000, File: F:\work\item\7673\v001\program\Tools\G+CodePacker 1.0.9 Patch 001\USBMassProductionTool/code/gp15b_ispbin.bin
   Step 2 - Start Time : 2017/09/09 PM 05:58:07:658
   Step 2 - End Time : 2017/09/09 PM 05:58:07:664
   Step 2 ok! Spent Time: 0.0s
   Begin Step 3... Action: Jump to Function, Chip: RAM, Address: 0xF8002000
   Step 3 - Start Time : 2017/09/09 PM 05:58:07:664
   Step 3 - End Time : 2017/09/09 PM 05:58:07:665
   Step 3 ok! Spent Time: 0.0s
   Begin Step 4... Action: Erase, Chip: SPI Nor Flash, Address: 0x0000, Length: 40
   Step 4 - Start Time : 2017/09/09 PM 05:58:07:665
   Step 4 - End Time : 2017/09/09 PM 05:58:22:841
   Step 4 ok! Spent Time: 15.179s
   Begin Step 5... Action: Write, Chip: SPI Nor Flash, Address: 0x0000, File: F:\work\item\7673\v001\program\Tools/gpcv1248_spifc_pack_/cb_result.bin
   Step 5 - Start Time : 2017/09/09 PM 05:58:22:841
   Step 5 - End Time : 2017/09/09 PM 05:58:26:484
   Step 5 ok! Spent Time: 3.650s
   USB Task Finished! Spent Time: 18.829s
   Device is Pullouted.
